{"snapshot_id": "test_snap", "timestamp": 1760557492, "payload_bytes": 326, "techniques": ["bellman_ford"], "results_count": 1, "telemetry": {"total_runs": 1, "fallback_count": 11, "fallback_timeouts": 0}}
{"snapshot_id": "bench_snap_0", "technique": "bellman_ford", "timestamp": 1760574143, "duration_s": 0.0, "results_count": 0}
{"snapshot_id": "bench_snap_1", "technique": "bellman_ford", "timestamp": 1760574143, "duration_s": 0.0, "results_count": 0}
{"snapshot_id": "bench_snap_2", "technique": "bellman_ford", "timestamp": 1760574143, "duration_s": 0.0, "results_count": 0}
{"snapshot_id": "bench_snap_3", "technique": "bellman_ford", "timestamp": 1760574143, "duration_s": 0.0, "results_count": 0}
{"snapshot_id": "bench_snap_4", "technique": "bellman_ford", "timestamp": 1760574143, "duration_s": 0.0010018348693847656, "results_count": 0}
{"snapshot_id": "bench_snap_5", "technique": "bellman_ford", "timestamp": 1760574143, "duration_s": 0.0, "results_count": 0}
{"snapshot_id": "bench_snap_6", "technique": "bellman_ford", "timestamp": 1760574143, "duration_s": 0.0, "results_count": 0}
{"snapshot_id": "bench_snap_7", "technique": "bellman_ford", "timestamp": 1760574143, "duration_s": 0.0, "results_count": 0}
{"snapshot_id": "bench_snap_8", "technique": "bellman_ford", "timestamp": 1760574143, "duration_s": 0.0, "results_count": 0}
{"snapshot_id": "bench_snap_9", "technique": "bellman_ford", "timestamp": 1760574143, "duration_s": 0.0009887218475341797, "results_count": 0}
{"snapshot_id": "bench_snap_10", "technique": "bellman_ford", "timestamp": 1760574143, "duration_s": 0.0, "results_count": 0}
{"snapshot_id": "bench_snap_11", "technique": "bellman_ford", "timestamp": 1760574143, "duration_s": 0.0, "results_count": 0}
{"snapshot_id": "bench_snap_12", "technique": "bellman_ford", "timestamp": 1760574143, "duration_s": 0.0, "results_count": 0}
{"snapshot_id": "bench_snap_13", "technique": "bellman_ford", "timestamp": 1760574143, "duration_s": 0.0, "results_count": 0}
{"snapshot_id": "bench_snap_14", "technique": "bellman_ford", "timestamp": 1760574143, "duration_s": 0.0, "results_count": 0}
{"snapshot_id": "bench_snap_15", "technique": "bellman_ford", "timestamp": 1760574143, "duration_s": 0.0009984970092773438, "results_count": 0}
{"snapshot_id": "bench_snap_16", "technique": "bellman_ford", "timestamp": 1760574143, "duration_s": 0.0, "results_count": 0}
{"snapshot_id": "bench_snap_17", "technique": "bellman_ford", "timestamp": 1760574143, "duration_s": 0.0, "results_count": 0}
{"snapshot_id": "bench_snap_18", "technique": "bellman_ford", "timestamp": 1760574143, "duration_s": 0.0, "results_count": 0}
{"snapshot_id": "bench_snap_19", "technique": "bellman_ford", "timestamp": 1760574143, "duration_s": 0.0, "results_count": 0}
{"snapshot_id": "bench_snap_20", "technique": "bellman_ford", "timestamp": 1760574143, "duration_s": 0.0, "results_count": 0}
{"snapshot_id": "bench_snap_21", "technique": "bellman_ford", "timestamp": 1760574143, "duration_s": 0.0, "results_count": 0}
{"snapshot_id": "bench_snap_22", "technique": "bellman_ford", "timestamp": 1760574143, "duration_s": 0.0, "results_count": 0}
{"snapshot_id": "bench_snap_23", "technique": "bellman_ford", "timestamp": 1760574143, "duration_s": 0.000997781753540039, "results_count": 0}
{"snapshot_id": "bench_snap_24", "technique": "bellman_ford", "timestamp": 1760574143, "duration_s": 0.0, "results_count": 0}
{"snapshot_id": "bench_snap_25", "technique": "bellman_ford", "timestamp": 1760574143, "duration_s": 0.0, "results_count": 0}
{"snapshot_id": "bench_snap_26", "technique": "bellman_ford", "timestamp": 1760574143, "duration_s": 0.0, "results_count": 0}
{"snapshot_id": "bench_snap_27", "technique": "bellman_ford", "timestamp": 1760574143, "duration_s": 0.0, "results_count": 0}
{"snapshot_id": "bench_snap_28", "technique": "bellman_ford", "timestamp": 1760574143, "duration_s": 0.0, "results_count": 0}
{"snapshot_id": "bench_snap_29", "technique": "bellman_ford", "timestamp": 1760574143, "duration_s": 0.0, "results_count": 0}
{"snapshot_id": "bench_snap_30", "technique": "bellman_ford", "timestamp": 1760574143, "duration_s": 0.0, "results_count": 0}
{"snapshot_id": "bench_snap_31", "technique": "bellman_ford", "timestamp": 1760574143, "duration_s": 0.0, "results_count": 0}
{"snapshot_id": "bench_snap_32", "technique": "bellman_ford", "timestamp": 1760574143, "duration_s": 0.0, "results_count": 0}
{"snapshot_id": "bench_snap_33", "technique": "bellman_ford", "timestamp": 1760574143, "duration_s": 0.0, "results_count": 0}
{"snapshot_id": "bench_snap_34", "technique": "bellman_ford", "timestamp": 1760574143, "duration_s": 0.0, "results_count": 0}
{"snapshot_id": "bench_snap_35", "technique": "bellman_ford", "timestamp": 1760574143, "duration_s": 0.0, "results_count": 0}
{"snapshot_id": "bench_snap_36", "technique": "bellman_ford", "timestamp": 1760574143, "duration_s": 0.0, "results_count": 0}
{"snapshot_id": "bench_snap_37", "technique": "bellman_ford", "timestamp": 1760574143, "duration_s": 0.0, "results_count": 0}
{"snapshot_id": "bench_snap_38", "technique": "bellman_ford", "timestamp": 1760574143, "duration_s": 0.0, "results_count": 0}
{"snapshot_id": "bench_snap_39", "technique": "bellman_ford", "timestamp": 1760574143, "duration_s": 0.0, "results_count": 0}
{"snapshot_id": "bench_snap_40", "technique": "bellman_ford", "timestamp": 1760574143, "duration_s": 0.0, "results_count": 0}
{"snapshot_id": "bench_snap_41", "technique": "bellman_ford", "timestamp": 1760574143, "duration_s": 0.0, "results_count": 0}
{"snapshot_id": "bench_snap_42", "technique": "bellman_ford", "timestamp": 1760574143, "duration_s": 0.0, "results_count": 0}
{"snapshot_id": "bench_snap_43", "technique": "bellman_ford", "timestamp": 1760574143, "duration_s": 0.0, "results_count": 0}
{"snapshot_id": "bench_snap_44", "technique": "bellman_ford", "timestamp": 1760574143, "duration_s": 0.0, "results_count": 0}
{"snapshot_id": "bench_snap_45", "technique": "bellman_ford", "timestamp": 1760574143, "duration_s": 0.0, "results_count": 0}
{"snapshot_id": "bench_snap_46", "technique": "bellman_ford", "timestamp": 1760574143, "duration_s": 0.0, "results_count": 0}
{"snapshot_id": "bench_snap_47", "technique": "bellman_ford", "timestamp": 1760574143, "duration_s": 0.0, "results_count": 0}
{"snapshot_id": "bench_snap_48", "technique": "bellman_ford", "timestamp": 1760574143, "duration_s": 0.0, "results_count": 0}
{"snapshot_id": "bench_snap_49", "technique": "bellman_ford", "timestamp": 1760574143, "duration_s": 0.0, "results_count": 0}
{"snapshot_id": "bench_snap_50", "technique": "bellman_ford", "timestamp": 1760574143, "duration_s": 0.0, "results_count": 0}
{"snapshot_id": "bench_snap_51", "technique": "bellman_ford", "timestamp": 1760574143, "duration_s": 0.0, "results_count": 0}
{"snapshot_id": "bench_snap_52", "technique": "bellman_ford", "timestamp": 1760574143, "duration_s": 0.0, "results_count": 0}
{"snapshot_id": "bench_snap_53", "technique": "bellman_ford", "timestamp": 1760574143, "duration_s": 0.0, "results_count": 0}
{"snapshot_id": "bench_snap_54", "technique": "bellman_ford", "timestamp": 1760574143, "duration_s": 0.0, "results_count": 0}
{"snapshot_id": "bench_snap_55", "technique": "bellman_ford", "timestamp": 1760574143, "duration_s": 0.0010135173797607422, "results_count": 0}
{"snapshot_id": "bench_snap_56", "technique": "bellman_ford", "timestamp": 1760574143, "duration_s": 0.0, "results_count": 0}
{"snapshot_id": "bench_snap_57", "technique": "bellman_ford", "timestamp": 1760574143, "duration_s": 0.0, "results_count": 0}
{"snapshot_id": "bench_snap_58", "technique": "bellman_ford", "timestamp": 1760574143, "duration_s": 0.0, "results_count": 0}
{"snapshot_id": "bench_snap_59", "technique": "bellman_ford", "timestamp": 1760574143, "duration_s": 0.0, "results_count": 0}
{"snapshot_id": "bench_snap_60", "technique": "bellman_ford", "timestamp": 1760574143, "duration_s": 0.0, "results_count": 0}
{"snapshot_id": "bench_snap_61", "technique": "bellman_ford", "timestamp": 1760574143, "duration_s": 0.0, "results_count": 0}
{"snapshot_id": "bench_snap_62", "technique": "bellman_ford", "timestamp": 1760574143, "duration_s": 0.0, "results_count": 0}
{"snapshot_id": "bench_snap_63", "technique": "bellman_ford", "timestamp": 1760574143, "duration_s": 0.0, "results_count": 0}
{"snapshot_id": "bench_snap_64", "technique": "bellman_ford", "timestamp": 1760574143, "duration_s": 0.0, "results_count": 0}
{"snapshot_id": "bench_snap_65", "technique": "bellman_ford", "timestamp": 1760574143, "duration_s": 0.001009225845336914, "results_count": 0}
{"snapshot_id": "bench_snap_66", "technique": "bellman_ford", "timestamp": 1760574143, "duration_s": 0.0, "results_count": 0}
{"snapshot_id": "bench_snap_67", "technique": "bellman_ford", "timestamp": 1760574143, "duration_s": 0.0, "results_count": 0}
{"snapshot_id": "bench_snap_68", "technique": "bellman_ford", "timestamp": 1760574143, "duration_s": 0.0, "results_count": 0}
{"snapshot_id": "bench_snap_69", "technique": "bellman_ford", "timestamp": 1760574143, "duration_s": 0.0, "results_count": 0}
{"snapshot_id": "bench_snap_70", "technique": "bellman_ford", "timestamp": 1760574143, "duration_s": 0.0, "results_count": 0}
{"snapshot_id": "bench_snap_71", "technique": "bellman_ford", "timestamp": 1760574143, "duration_s": 0.0010008811950683594, "results_count": 0}
{"snapshot_id": "bench_snap_72", "technique": "bellman_ford", "timestamp": 1760574143, "duration_s": 0.0, "results_count": 0}
{"snapshot_id": "bench_snap_73", "technique": "bellman_ford", "timestamp": 1760574143, "duration_s": 0.0, "results_count": 0}
{"snapshot_id": "bench_snap_74", "technique": "bellman_ford", "timestamp": 1760574143, "duration_s": 0.0, "results_count": 0}
{"snapshot_id": "bench_snap_75", "technique": "bellman_ford", "timestamp": 1760574143, "duration_s": 0.0, "results_count": 0}
{"snapshot_id": "bench_snap_76", "technique": "bellman_ford", "timestamp": 1760574143, "duration_s": 0.0, "results_count": 0}
{"snapshot_id": "bench_snap_77", "technique": "bellman_ford", "timestamp": 1760574143, "duration_s": 0.0, "results_count": 0}
{"snapshot_id": "bench_snap_78", "technique": "bellman_ford", "timestamp": 1760574143, "duration_s": 0.001003265380859375, "results_count": 0}
{"snapshot_id": "bench_snap_79", "technique": "bellman_ford", "timestamp": 1760574143, "duration_s": 0.0, "results_count": 0}
{"snapshot_id": "bench_snap_80", "technique": "bellman_ford", "timestamp": 1760574143, "duration_s": 0.0, "results_count": 0}
{"snapshot_id": "bench_snap_81", "technique": "bellman_ford", "timestamp": 1760574143, "duration_s": 0.0, "results_count": 0}
{"snapshot_id": "bench_snap_82", "technique": "bellman_ford", "timestamp": 1760574143, "duration_s": 0.0, "results_count": 0}
{"snapshot_id": "bench_snap_83", "technique": "bellman_ford", "timestamp": 1760574143, "duration_s": 0.0, "results_count": 0}
{"snapshot_id": "bench_snap_84", "technique": "bellman_ford", "timestamp": 1760574143, "duration_s": 0.0, "results_count": 0}
{"snapshot_id": "bench_snap_85", "technique": "bellman_ford", "timestamp": 1760574143, "duration_s": 0.0, "results_count": 0}
{"snapshot_id": "bench_snap_86", "technique": "bellman_ford", "timestamp": 1760574143, "duration_s": 0.0, "results_count": 0}
{"snapshot_id": "bench_snap_87", "technique": "bellman_ford", "timestamp": 1760574143, "duration_s": 0.0009953975677490234, "results_count": 0}
{"snapshot_id": "bench_snap_88", "technique": "bellman_ford", "timestamp": 1760574143, "duration_s": 0.0, "results_count": 0}
{"snapshot_id": "bench_snap_89", "technique": "bellman_ford", "timestamp": 1760574143, "duration_s": 0.0, "results_count": 0}
{"snapshot_id": "bench_snap_90", "technique": "bellman_ford", "timestamp": 1760574143, "duration_s": 0.0, "results_count": 0}
{"snapshot_id": "bench_snap_91", "technique": "bellman_ford", "timestamp": 1760574143, "duration_s": 0.0, "results_count": 0}
{"snapshot_id": "bench_snap_92", "technique": "bellman_ford", "timestamp": 1760574143, "duration_s": 0.0, "results_count": 0}
{"snapshot_id": "bench_snap_93", "technique": "bellman_ford", "timestamp": 1760574143, "duration_s": 0.0009980201721191406, "results_count": 0}
{"snapshot_id": "bench_snap_94", "technique": "bellman_ford", "timestamp": 1760574143, "duration_s": 0.0, "results_count": 0}
{"snapshot_id": "bench_snap_95", "technique": "bellman_ford", "timestamp": 1760574143, "duration_s": 0.0, "results_count": 0}
{"snapshot_id": "bench_snap_96", "technique": "bellman_ford", "timestamp": 1760574143, "duration_s": 0.0, "results_count": 0}
{"snapshot_id": "bench_snap_97", "technique": "bellman_ford", "timestamp": 1760574143, "duration_s": 0.0, "results_count": 0}
{"snapshot_id": "bench_snap_98", "technique": "bellman_ford", "timestamp": 1760574143, "duration_s": 0.0010027885437011719, "results_count": 0}
{"snapshot_id": "bench_snap_99", "technique": "bellman_ford", "timestamp": 1760574143, "duration_s": 0.0, "results_count": 0}
{"snapshot_id": "bench_snap_100", "technique": "bellman_ford", "timestamp": 1760574143, "duration_s": 0.0, "results_count": 0}
{"snapshot_id": "bench_snap_101", "technique": "bellman_ford", "timestamp": 1760574143, "duration_s": 0.0, "results_count": 0}
{"snapshot_id": "bench_snap_102", "technique": "bellman_ford", "timestamp": 1760574143, "duration_s": 0.0, "results_count": 0}
{"snapshot_id": "bench_snap_103", "technique": "bellman_ford", "timestamp": 1760574143, "duration_s": 0.0, "results_count": 0}
{"snapshot_id": "bench_snap_104", "technique": "bellman_ford", "timestamp": 1760574143, "duration_s": 0.0, "results_count": 0}
{"snapshot_id": "bench_snap_105", "technique": "bellman_ford", "timestamp": 1760574143, "duration_s": 0.0, "results_count": 0}
{"snapshot_id": "bench_snap_106", "technique": "bellman_ford", "timestamp": 1760574143, "duration_s": 0.0, "results_count": 0}
{"snapshot_id": "bench_snap_107", "technique": "bellman_ford", "timestamp": 1760574143, "duration_s": 0.0, "results_count": 0}
{"snapshot_id": "bench_snap_108", "technique": "bellman_ford", "timestamp": 1760574143, "duration_s": 0.0, "results_count": 0}
{"snapshot_id": "bench_snap_109", "technique": "bellman_ford", "timestamp": 1760574143, "duration_s": 0.0, "results_count": 0}
{"snapshot_id": "bench_snap_110", "technique": "bellman_ford", "timestamp": 1760574143, "duration_s": 0.0010006427764892578, "results_count": 0}
{"snapshot_id": "bench_snap_111", "technique": "bellman_ford", "timestamp": 1760574143, "duration_s": 0.0, "results_count": 0}
{"snapshot_id": "bench_snap_112", "technique": "bellman_ford", "timestamp": 1760574143, "duration_s": 0.0, "results_count": 0}
{"snapshot_id": "bench_snap_113", "technique": "bellman_ford", "timestamp": 1760574143, "duration_s": 0.0, "results_count": 0}
{"snapshot_id": "bench_snap_114", "technique": "bellman_ford", "timestamp": 1760574143, "duration_s": 0.0, "results_count": 0}
{"snapshot_id": "bench_snap_115", "technique": "bellman_ford", "timestamp": 1760574143, "duration_s": 0.0010166168212890625, "results_count": 0}
{"snapshot_id": "bench_snap_116", "technique": "bellman_ford", "timestamp": 1760574143, "duration_s": 0.0, "results_count": 0}
{"snapshot_id": "bench_snap_117", "technique": "bellman_ford", "timestamp": 1760574143, "duration_s": 0.0, "results_count": 0}
{"snapshot_id": "bench_snap_118", "technique": "bellman_ford", "timestamp": 1760574143, "duration_s": 0.0, "results_count": 0}
{"snapshot_id": "bench_snap_119", "technique": "bellman_ford", "timestamp": 1760574143, "duration_s": 0.0, "results_count": 0}
{"snapshot_id": "bench_snap_120", "technique": "bellman_ford", "timestamp": 1760574143, "duration_s": 0.0, "results_count": 0}
{"snapshot_id": "bench_snap_121", "technique": "bellman_ford", "timestamp": 1760574143, "duration_s": 0.0, "results_count": 0}
{"snapshot_id": "bench_snap_122", "technique": "bellman_ford", "timestamp": 1760574143, "duration_s": 0.0, "results_count": 0}
{"snapshot_id": "bench_snap_123", "technique": "bellman_ford", "timestamp": 1760574143, "duration_s": 0.0, "results_count": 0}
{"snapshot_id": "bench_snap_124", "technique": "bellman_ford", "timestamp": 1760574143, "duration_s": 0.002000570297241211, "results_count": 0}
{"snapshot_id": "bench_snap_125", "technique": "bellman_ford", "timestamp": 1760574143, "duration_s": 0.0, "results_count": 0}
{"snapshot_id": "bench_snap_126", "technique": "bellman_ford", "timestamp": 1760574143, "duration_s": 0.0, "results_count": 0}
{"snapshot_id": "bench_snap_127", "technique": "bellman_ford", "timestamp": 1760574143, "duration_s": 0.0, "results_count": 0}
{"snapshot_id": "bench_snap_128", "technique": "bellman_ford", "timestamp": 1760574143, "duration_s": 0.0, "results_count": 0}
{"snapshot_id": "bench_snap_129", "technique": "bellman_ford", "timestamp": 1760574143, "duration_s": 0.0, "results_count": 0}
{"snapshot_id": "bench_snap_130", "technique": "bellman_ford", "timestamp": 1760574143, "duration_s": 0.0, "results_count": 0}
{"snapshot_id": "bench_snap_131", "technique": "bellman_ford", "timestamp": 1760574143, "duration_s": 0.0, "results_count": 0}
{"snapshot_id": "bench_snap_132", "technique": "bellman_ford", "timestamp": 1760574143, "duration_s": 0.0, "results_count": 0}
{"snapshot_id": "bench_snap_133", "technique": "bellman_ford", "timestamp": 1760574143, "duration_s": 0.0, "results_count": 0}
{"snapshot_id": "bench_snap_134", "technique": "bellman_ford", "timestamp": 1760574143, "duration_s": 0.0, "results_count": 0}
{"snapshot_id": "bench_snap_135", "technique": "bellman_ford", "timestamp": 1760574143, "duration_s": 0.0, "results_count": 0}
{"snapshot_id": "bench_snap_136", "technique": "bellman_ford", "timestamp": 1760574143, "duration_s": 0.0, "results_count": 0}
{"snapshot_id": "bench_snap_137", "technique": "bellman_ford", "timestamp": 1760574143, "duration_s": 0.00099945068359375, "results_count": 0}
{"snapshot_id": "bench_snap_138", "technique": "bellman_ford", "timestamp": 1760574143, "duration_s": 0.0, "results_count": 0}
{"snapshot_id": "bench_snap_139", "technique": "bellman_ford", "timestamp": 1760574143, "duration_s": 0.0, "results_count": 0}
{"snapshot_id": "bench_snap_140", "technique": "bellman_ford", "timestamp": 1760574143, "duration_s": 0.0, "results_count": 0}
{"snapshot_id": "bench_snap_141", "technique": "bellman_ford", "timestamp": 1760574143, "duration_s": 0.0, "results_count": 0}
{"snapshot_id": "bench_snap_142", "technique": "bellman_ford", "timestamp": 1760574143, "duration_s": 0.0010006427764892578, "results_count": 0}
{"snapshot_id": "bench_snap_143", "technique": "bellman_ford", "timestamp": 1760574143, "duration_s": 0.0, "results_count": 0}
{"snapshot_id": "bench_snap_144", "technique": "bellman_ford", "timestamp": 1760574143, "duration_s": 0.0, "results_count": 0}
{"snapshot_id": "bench_snap_145", "technique": "bellman_ford", "timestamp": 1760574143, "duration_s": 0.0, "results_count": 0}
{"snapshot_id": "bench_snap_146", "technique": "bellman_ford", "timestamp": 1760574143, "duration_s": 0.0, "results_count": 0}
{"snapshot_id": "bench_snap_147", "technique": "bellman_ford", "timestamp": 1760574143, "duration_s": 0.0, "results_count": 0}
{"snapshot_id": "bench_snap_148", "technique": "bellman_ford", "timestamp": 1760574143, "duration_s": 0.0, "results_count": 0}
{"snapshot_id": "bench_snap_149", "technique": "bellman_ford", "timestamp": 1760574143, "duration_s": 0.0, "results_count": 0}
{"snapshot_id": "bench_snap_150", "technique": "bellman_ford", "timestamp": 1760574143, "duration_s": 0.0, "results_count": 0}
{"snapshot_id": "bench_snap_151", "technique": "bellman_ford", "timestamp": 1760574143, "duration_s": 0.001001119613647461, "results_count": 0}
{"snapshot_id": "bench_snap_152", "technique": "bellman_ford", "timestamp": 1760574143, "duration_s": 0.0, "results_count": 0}
{"snapshot_id": "bench_snap_153", "technique": "bellman_ford", "timestamp": 1760574143, "duration_s": 0.0009982585906982422, "results_count": 0}
{"snapshot_id": "bench_snap_154", "technique": "bellman_ford", "timestamp": 1760574143, "duration_s": 0.0, "results_count": 0}
{"snapshot_id": "bench_snap_155", "technique": "bellman_ford", "timestamp": 1760574143, "duration_s": 0.0, "results_count": 0}
{"snapshot_id": "bench_snap_156", "technique": "bellman_ford", "timestamp": 1760574143, "duration_s": 0.0, "results_count": 0}
{"snapshot_id": "bench_snap_157", "technique": "bellman_ford", "timestamp": 1760574143, "duration_s": 0.0, "results_count": 0}
{"snapshot_id": "bench_snap_158", "technique": "bellman_ford", "timestamp": 1760574143, "duration_s": 0.0, "results_count": 0}
{"snapshot_id": "bench_snap_159", "technique": "bellman_ford", "timestamp": 1760574143, "duration_s": 0.0, "results_count": 0}
{"snapshot_id": "bench_snap_160", "technique": "bellman_ford", "timestamp": 1760574143, "duration_s": 0.0, "results_count": 0}
{"snapshot_id": "bench_snap_161", "technique": "bellman_ford", "timestamp": 1760574143, "duration_s": 0.0, "results_count": 0}
{"snapshot_id": "bench_snap_162", "technique": "bellman_ford", "timestamp": 1760574143, "duration_s": 0.0, "results_count": 0}
{"snapshot_id": "bench_snap_163", "technique": "bellman_ford", "timestamp": 1760574143, "duration_s": 0.0, "results_count": 0}
{"snapshot_id": "bench_snap_164", "technique": "bellman_ford", "timestamp": 1760574143, "duration_s": 0.0, "results_count": 0}
{"snapshot_id": "bench_snap_165", "technique": "bellman_ford", "timestamp": 1760574143, "duration_s": 0.0, "results_count": 0}
{"snapshot_id": "bench_snap_166", "technique": "bellman_ford", "timestamp": 1760574143, "duration_s": 0.0009996891021728516, "results_count": 0}
{"snapshot_id": "bench_snap_167", "technique": "bellman_ford", "timestamp": 1760574143, "duration_s": 0.0, "results_count": 0}
{"snapshot_id": "bench_snap_168", "technique": "bellman_ford", "timestamp": 1760574143, "duration_s": 0.0, "results_count": 0}
{"snapshot_id": "bench_snap_169", "technique": "bellman_ford", "timestamp": 1760574143, "duration_s": 0.0, "results_count": 0}
{"snapshot_id": "bench_snap_170", "technique": "bellman_ford", "timestamp": 1760574143, "duration_s": 0.0009996891021728516, "results_count": 0}
{"snapshot_id": "bench_snap_171", "technique": "bellman_ford", "timestamp": 1760574143, "duration_s": 0.0, "results_count": 0}
{"snapshot_id": "bench_snap_172", "technique": "bellman_ford", "timestamp": 1760574143, "duration_s": 0.0, "results_count": 0}
{"snapshot_id": "bench_snap_173", "technique": "bellman_ford", "timestamp": 1760574143, "duration_s": 0.0, "results_count": 0}
{"snapshot_id": "bench_snap_174", "technique": "bellman_ford", "timestamp": 1760574143, "duration_s": 0.0, "results_count": 0}
{"snapshot_id": "bench_snap_175", "technique": "bellman_ford", "timestamp": 1760574143, "duration_s": 0.0, "results_count": 0}
{"snapshot_id": "bench_snap_176", "technique": "bellman_ford", "timestamp": 1760574143, "duration_s": 0.0, "results_count": 0}
{"snapshot_id": "bench_snap_177", "technique": "bellman_ford", "timestamp": 1760574143, "duration_s": 0.0, "results_count": 0}
{"snapshot_id": "bench_snap_178", "technique": "bellman_ford", "timestamp": 1760574143, "duration_s": 0.0, "results_count": 0}
{"snapshot_id": "bench_snap_179", "technique": "bellman_ford", "timestamp": 1760574143, "duration_s": 0.0, "results_count": 0}
{"snapshot_id": "bench_snap_180", "technique": "bellman_ford", "timestamp": 1760574143, "duration_s": 0.0, "results_count": 0}
{"snapshot_id": "bench_snap_181", "technique": "bellman_ford", "timestamp": 1760574143, "duration_s": 0.0, "results_count": 0}
{"snapshot_id": "bench_snap_182", "technique": "bellman_ford", "timestamp": 1760574143, "duration_s": 0.0, "results_count": 0}
{"snapshot_id": "bench_snap_183", "technique": "bellman_ford", "timestamp": 1760574143, "duration_s": 0.0, "results_count": 0}
{"snapshot_id": "bench_snap_184", "technique": "bellman_ford", "timestamp": 1760574143, "duration_s": 0.0, "results_count": 0}
{"snapshot_id": "bench_snap_185", "technique": "bellman_ford", "timestamp": 1760574143, "duration_s": 0.0, "results_count": 0}
{"snapshot_id": "bench_snap_186", "technique": "bellman_ford", "timestamp": 1760574143, "duration_s": 0.0, "results_count": 0}
{"snapshot_id": "bench_snap_187", "technique": "bellman_ford", "timestamp": 1760574143, "duration_s": 0.0, "results_count": 0}
{"snapshot_id": "bench_snap_188", "technique": "bellman_ford", "timestamp": 1760574143, "duration_s": 0.0, "results_count": 0}
{"snapshot_id": "bench_snap_189", "technique": "bellman_ford", "timestamp": 1760574143, "duration_s": 0.0, "results_count": 0}
{"snapshot_id": "bench_snap_190", "technique": "bellman_ford", "timestamp": 1760574143, "duration_s": 0.0, "results_count": 0}
{"snapshot_id": "bench_snap_191", "technique": "bellman_ford", "timestamp": 1760574143, "duration_s": 0.0, "results_count": 0}
{"snapshot_id": "bench_snap_192", "technique": "bellman_ford", "timestamp": 1760574143, "duration_s": 0.0, "results_count": 0}
{"snapshot_id": "bench_snap_193", "technique": "bellman_ford", "timestamp": 1760574143, "duration_s": 0.0, "results_count": 0}
{"snapshot_id": "bench_snap_194", "technique": "bellman_ford", "timestamp": 1760574143, "duration_s": 0.0, "results_count": 0}
{"snapshot_id": "bench_snap_195", "technique": "bellman_ford", "timestamp": 1760574143, "duration_s": 0.0, "results_count": 0}
{"snapshot_id": "bench_snap_196", "technique": "bellman_ford", "timestamp": 1760574143, "duration_s": 0.0, "results_count": 0}
{"snapshot_id": "bench_snap_197", "technique": "bellman_ford", "timestamp": 1760574143, "duration_s": 0.0, "results_count": 0}
{"snapshot_id": "bench_snap_198", "technique": "bellman_ford", "timestamp": 1760574143, "duration_s": 0.0, "results_count": 0}
{"snapshot_id": "bench_snap_199", "technique": "bellman_ford", "timestamp": 1760574143, "duration_s": 0.0010004043579101562, "results_count": 0}
{"snapshot_id": "2025-10-16T03:13:58.333747+00:00", "technique": "bellman_ford", "timestamp": 1760584450, "duration_s": 0.0010051727294921875, "results_count": 0}
{"snapshot_id": "2025-10-16T03:13:58.333747+00:00", "technique": "stat_tri", "timestamp": 1760584453, "duration_s": 2.215996503829956, "results_count": 0}
{"snapshot_id": "2025-10-16T03:13:58.333747+00:00", "timestamp": 1760584453, "payload_bytes": 299, "techniques": ["bellman_ford", "stat_tri"], "results_count": 0, "telemetry": {"total_runs": 1, "fallback_count": 0, "fallback_timeouts": 0}}
{"snapshot_id": "2025-10-16T03:13:58.333747+00:00", "technique": "bellman_ford", "timestamp": 1760584453, "duration_s": 0.0009984970092773438, "results_count": 0}
{"snapshot_id": "2025-10-16T03:13:58.333747+00:00", "technique": "stat_tri", "timestamp": 1760584453, "duration_s": 0.0009996891021728516, "results_count": 0}
{"snapshot_id": "2025-10-16T03:13:58.333747+00:00", "timestamp": 1760584453, "payload_bytes": 297, "techniques": ["bellman_ford", "stat_tri"], "results_count": 0, "telemetry": {"total_runs": 1, "fallback_count": 0, "fallback_timeouts": 0}}
{"snapshot_id": "2025-10-16T03:13:58.333747+00:00", "technique": "bellman_ford", "timestamp": 1760584453, "duration_s": 0.00200653076171875, "results_count": 0}
{"snapshot_id": "2025-10-16T03:13:58.333747+00:00", "technique": "stat_tri", "timestamp": 1760584453, "duration_s": 0.0010030269622802734, "results_count": 0}
{"snapshot_id": "2025-10-16T03:13:58.333747+00:00", "timestamp": 1760584453, "payload_bytes": 295, "techniques": ["bellman_ford", "stat_tri"], "results_count": 0, "telemetry": {"total_runs": 1, "fallback_count": 0, "fallback_timeouts": 0}}
{"snapshot_id": "2025-10-16T03:14:13.796269+00:00", "technique": "bellman_ford", "timestamp": 1760584467, "duration_s": 0.0, "results_count": 0}
{"snapshot_id": "2025-10-16T03:14:13.796269+00:00", "technique": "stat_tri", "timestamp": 1760584467, "duration_s": 0.0009996891021728516, "results_count": 0}
{"snapshot_id": "2025-10-16T03:14:13.796269+00:00", "timestamp": 1760584467, "payload_bytes": 299, "techniques": ["bellman_ford", "stat_tri"], "results_count": 0, "telemetry": {"total_runs": 1, "fallback_count": 0, "fallback_timeouts": 0}}
{"snapshot_id": "2025-10-16T03:14:13.796269+00:00", "technique": "bellman_ford", "timestamp": 1760584467, "duration_s": 0.0010302066802978516, "results_count": 0}
{"snapshot_id": "2025-10-16T03:14:13.796269+00:00", "technique": "stat_tri", "timestamp": 1760584467, "duration_s": 0.0, "results_count": 0}
{"snapshot_id": "2025-10-16T03:14:13.796269+00:00", "timestamp": 1760584467, "payload_bytes": 297, "techniques": ["bellman_ford", "stat_tri"], "results_count": 0, "telemetry": {"total_runs": 1, "fallback_count": 0, "fallback_timeouts": 0}}
{"snapshot_id": "2025-10-16T03:14:13.796269+00:00", "technique": "bellman_ford", "timestamp": 1760584467, "duration_s": 0.0009961128234863281, "results_count": 0}
{"snapshot_id": "2025-10-16T03:14:13.796269+00:00", "technique": "stat_tri", "timestamp": 1760584467, "duration_s": 0.0009949207305908203, "results_count": 0}
{"snapshot_id": "2025-10-16T03:14:13.796269+00:00", "timestamp": 1760584467, "payload_bytes": 295, "techniques": ["bellman_ford", "stat_tri"], "results_count": 0, "telemetry": {"total_runs": 1, "fallback_count": 0, "fallback_timeouts": 0}}
{"snapshot_id": "2025-10-16T03:14:27.576595+00:00", "technique": "bellman_ford", "timestamp": 1760584478, "duration_s": 0.001001596450805664, "results_count": 0}
{"snapshot_id": "2025-10-16T03:14:27.576595+00:00", "technique": "stat_tri", "timestamp": 1760584478, "duration_s": 0.001997709274291992, "results_count": 0}
{"snapshot_id": "2025-10-16T03:14:27.576595+00:00", "timestamp": 1760584478, "payload_bytes": 299, "techniques": ["bellman_ford", "stat_tri"], "results_count": 0, "telemetry": {"total_runs": 1, "fallback_count": 0, "fallback_timeouts": 0}}
{"snapshot_id": "2025-10-16T03:14:27.576595+00:00", "technique": "bellman_ford", "timestamp": 1760584479, "duration_s": 0.0, "results_count": 0}
{"snapshot_id": "2025-10-16T03:14:27.576595+00:00", "technique": "stat_tri", "timestamp": 1760584479, "duration_s": 0.0010020732879638672, "results_count": 0}
{"snapshot_id": "2025-10-16T03:14:27.576595+00:00", "timestamp": 1760584479, "payload_bytes": 297, "techniques": ["bellman_ford", "stat_tri"], "results_count": 0, "telemetry": {"total_runs": 1, "fallback_count": 0, "fallback_timeouts": 0}}
{"snapshot_id": "2025-10-16T03:14:27.576595+00:00", "technique": "bellman_ford", "timestamp": 1760584479, "duration_s": 0.002019643783569336, "results_count": 0}
{"snapshot_id": "2025-10-16T03:14:27.576595+00:00", "technique": "stat_tri", "timestamp": 1760584479, "duration_s": 0.0019173622131347656, "results_count": 0}
{"snapshot_id": "2025-10-16T03:14:27.576595+00:00", "timestamp": 1760584479, "payload_bytes": 295, "techniques": ["bellman_ford", "stat_tri"], "results_count": 0, "telemetry": {"total_runs": 1, "fallback_count": 0, "fallback_timeouts": 0}}
