WARNING: No data to write for Locations
SUCCESS: All endpoints exported to easybrokers/properties\easybrokers_20250902.xlsx
INFO: Starting save_property_jsons with 10 threads.
SUCCESS: Saved property EB-BO3825 to JSON.
SUCCESS: Saved property EB-BO3663 to JSON.
SUCCESS: Saved property EB-BP1401 to JSON.
SUCCESS: Saved property EB-BP1426 to JSON.
SUCCESS: Saved property EB-BP1415 to JSON.
SUCCESS: Saved property EB-BO3724 to JSON.
SUCCESS: Saved property EB-BO3746 to JSON.
SUCCESS: Saved property EB-BO3705 to JSON.
SUCCESS: Saved property EB-BO3738 to JSON.
SUCCESS: Saved property EB-BP1519 to JSON.
SUCCESS: Saved property EB-BP1440 to JSON.
SUCCESS: Saved property EB-BP1556 to JSON.
SUCCESS: Saved property EB-BP1618 to JSON.
SUCCESS: Saved property EB-BQ3840 to JSON.
SUCCESS: Saved property EB-BP1666 to JSON.
SUCCESS: Saved property EB-BP1484 to JSON.
SUCCESS: Saved property EB-BP1576 to JSON.
SUCCESS: Saved property EB-BP1606 to JSON.
SUCCESS: Saved property EB-BQ3897 to JSON.
SUCCESS: Saved property EB-CO7837 to JSON.
SUCCESS: Saved property EB-CO7818 to JSON.
SUCCESS: Saved property EB-CO7259 to JSON.
SUCCESS: Saved property EB-BQ4370 to JSON.
SUCCESS: Saved property EB-CR5676 to JSON.
SUCCESS: Saved property EB-CS1816 to JSON.
SUCCESS: Saved property EB-CQ8433 to JSON.
SUCCESS: Saved property EB-CP2250 to JSON.
SUCCESS: Saved property EB-CW1249 to JSON.
SUCCESS: Saved property EB-CY4223 to JSON.
SUCCESS: Saved property EB-DG4294 to JSON.
SUCCESS: Saved property EB-DA5639 to JSON.
SUCCESS: Saved property EB-DA5619 to JSON.
SUCCESS: Saved property EB-DV5093 to JSON.
SUCCESS: Saved property EB-DU9410 to JSON.
SUCCESS: Saved property EB-DG4675 to JSON.
SUCCESS: Saved property EB-DI3255 to JSON.
SUCCESS: Saved property EB-DI3296 to JSON.
SUCCESS: Saved property EB-DY4088 to JSON.
SUCCESS: Saved property EB-EP3329 to JSON.
SUCCESS: Saved property EB-EP3734 to JSON.
SUCCESS: Saved property EB-EP3706 to JSON.
SUCCESS: Saved property EB-EW9608 to JSON.
SUCCESS: Saved property EB-EU3251 to JSON.
SUCCESS: Saved property EB-FX2528 to JSON.
SUCCESS: Saved property EB-EQ5366 to JSON.
SUCCESS: Saved property EB-FK1774 to JSON.
SUCCESS: Saved property EB-EP8146 to JSON.
SUCCESS: Saved property EB-FZ4561 to JSON.
SUCCESS: Saved property EB-HW0701 to JSON.
SUCCESS: Saved property EB-IA7174 to JSON.
SUCCESS: Saved property EB-IB3725 to JSON.
SUCCESS: Saved property EB-JF1688 to JSON.
SUCCESS: Saved property EB-JN4603 to JSON.
SUCCESS: Saved property EB-JR6512 to JSON.
SUCCESS: Saved property EB-JN4525 to JSON.
SUCCESS: Saved property EB-JE0901 to JSON.
SUCCESS: Saved property EB-KT6228 to JSON.
SUCCESS: Saved property EB-LB8465 to JSON.
SUCCESS: Saved property EB-LK0132 to JSON.
SUCCESS: Saved property EB-LL3497 to JSON.
SUCCESS: Saved property EB-LO6644 to JSON.
SUCCESS: Saved property EB-LY5768 to JSON.
SUCCESS: Saved property EB-NZ3122 to JSON.
SUCCESS: Saved property EB-ML2763 to JSON.
SUCCESS: Saved property EB-MW8113 to JSON.
SUCCESS: Saved property EB-OA8426 to JSON.
SUCCESS: Saved property EB-OA8830 to JSON.
SUCCESS: Saved property EB-OR0358 to JSON.
SUCCESS: Saved property EB-OR2225 to JSON.
SUCCESS: Saved property EB-OT4060 to JSON.
SUCCESS: Saved property EB-OT4187 to JSON.
SUCCESS: Saved property EB-OX3030 to JSON.
SUCCESS: Saved property EB-OZ7585 to JSON.
SUCCESS: Saved property EB-PG8733 to JSON.
SUCCESS: Saved property EB-PP0277 to JSON.
SUCCESS: Saved property EB-PM0673 to JSON.
SUCCESS: Saved property EB-PN8506 to JSON.
SUCCESS: Saved property EB-PV8254 to JSON.
SUCCESS: Saved property EB-PV9958 to JSON.
SUCCESS: Saved property EB-PY3500 to JSON.
SUCCESS: Saved property EB-PV8710 to JSON.
SUCCESS: Saved property EB-PY6745 to JSON.
SUCCESS: Saved property EB-QA9287 to JSON.
SUCCESS: Saved property EB-QA9263 to JSON.
SUCCESS: Saved property EB-PY6761 to JSON.
SUCCESS: Saved property EB-QB2970 to JSON.
SUCCESS: Saved property EB-QB4855 to JSON.
SUCCESS: Saved property EB-QB4856 to JSON.
SUCCESS: Saved property EB-QB5271 to JSON.
SUCCESS: Saved property EB-QB4857 to JSON.
SUCCESS: Saved property EB-QB5286 to JSON.
SUCCESS: Saved property EB-QE6588 to JSON.
SUCCESS: Saved property EB-QH2124 to JSON.
SUCCESS: Saved property EB-QD5923 to JSON.
SUCCESS: Saved property EB-QJ1938 to JSON.
SUCCESS: Saved property EB-QF5999 to JSON.
SUCCESS: Saved property EB-QK8951 to JSON.
SUCCESS: Saved property EB-QM5091 to JSON.
SUCCESS: Saved property EB-QQ0063 to JSON.
SUCCESS: Saved property EB-QO6712 to JSON.
SUCCESS: Saved property EB-QO8488 to JSON.
SUCCESS: Saved property EB-QV0454 to JSON.
SUCCESS: Saved property EB-QU6119 to JSON.
SUCCESS: Saved property EB-QX2856 to JSON.
SUCCESS: Saved property EB-RB8736 to JSON.
SUCCESS: Saved property EB-QY1059 to JSON.
SUCCESS: Saved property EB-RB5524 to JSON.
SUCCESS: Saved property EB-RB8798 to JSON.
SUCCESS: Saved property EB-RC2517 to JSON.
SUCCESS: Saved property EB-RH2589 to JSON.
SUCCESS: Saved property EB-RF4957 to JSON.
SUCCESS: Saved property EB-RH4174 to JSON.
SUCCESS: Saved property EB-RI6221 to JSON.
SUCCESS: Saved property EB-RI6237 to JSON.
SUCCESS: Saved property EB-RJ7784 to JSON.
SUCCESS: Saved property EB-RI6207 to JSON.
SUCCESS: Saved property EB-RJ3975 to JSON.
SUCCESS: Saved property EB-RK7864 to JSON.
SUCCESS: Saved property EB-RN4614 to JSON.
SUCCESS: Saved property EB-RN5946 to JSON.
SUCCESS: Saved property EB-RT0376 to JSON.
SUCCESS: Saved property EB-RU3303 to JSON.
SUCCESS: Saved property EB-RU4418 to JSON.
SUCCESS: Saved property EB-RV6727 to JSON.
SUCCESS: Saved property EB-RV6887 to JSON.
SUCCESS: Saved property EB-RW1445 to JSON.
SUCCESS: Saved property EB-RX9590 to JSON.
SUCCESS: Saved property EB-RX9892 to JSON.
SUCCESS: Saved property EB-SC2598 to JSON.
SUCCESS: Saved property EB-SC4404 to JSON.
SUCCESS: Saved property EB-SD3587 to JSON.
SUCCESS: Saved property EB-SE9112 to JSON.
SUCCESS: Saved property EB-SG6073 to JSON.
SUCCESS: Saved property EB-SI3833 to JSON.
SUCCESS: Saved property EB-SQ6171 to JSON.
SUCCESS: Saved property EB-SS3219 to JSON.
SUCCESS: Saved property EB-SX8240 to JSON.
SUCCESS: Saved property EB-SX8253 to JSON.
SUCCESS: Saved property EB-SZ3836 to JSON.
SUCCESS: Saved property EB-SZ7315 to JSON.
SUCCESS: Saved property EB-SZ4315 to JSON.
SUCCESS: Saved property EB-SZ7319 to JSON.
SUCCESS: Saved property EB-SZ7330 to JSON.
SUCCESS: Saved property EB-SZ7574 to JSON.
SUCCESS: Saved property EB-TA4028 to JSON.
SUCCESS: Saved property EB-TA4064 to JSON.
SUCCESS: Saved property EB-TA3975 to JSON.
SUCCESS: Saved property EB-TB2030 to JSON.
SUCCESS: Saved property EB-TC0481 to JSON.
SUCCESS: Saved property EB-TC0396 to JSON.
SUCCESS: Saved property EB-TC0555 to JSON.
SUCCESS: Saved property EB-TC3690 to JSON.
SUCCESS: Saved property EB-TC0493 to JSON.
SUCCESS: Saved property EB-SQ6209 to JSON.
SUCCESS: Saved property EB-RA5210 to JSON.
SUCCESS: Saved property EB-SQ6191 to JSON.
SUCCESS: Saved property EB-SQ6248 to JSON.
SUCCESS: Saved property EB-TC3029 to JSON.
SUCCESS: Saved property EB-TC4588 to JSON.
SUCCESS: Saved property EB-TC3653 to JSON.
SUCCESS: Saved property EB-TC4583 to JSON.
SUCCESS: Saved property EB-SG6198 to JSON.
SUCCESS: Saved property EB-TC4366 to JSON.
SUCCESS: Saved property EB-TC4509 to JSON.
SUCCESS: Saved property EB-TE8450 to JSON.
SUCCESS: Saved property EB-RI6179 to JSON.
SUCCESS: Saved property EB-TD7886 to JSON.
SUCCESS: Saved property EB-TE5841 to JSON.
SUCCESS: Saved property EB-TE8456 to JSON.
SUCCESS: Saved property EB-RC0311 to JSON.
SUCCESS: Saved property EB-TE9024 to JSON.
SUCCESS: Saved property EB-TD8259 to JSON.
SUCCESS: Saved property EB-TF2197 to JSON.
SUCCESS: Saved property EB-TF2496 to JSON.
SUCCESS: Saved property EB-TE8495 to JSON.
SUCCESS: Saved property EB-TD8508 to JSON.
SUCCESS: Saved property EB-SI4247 to JSON.
SUCCESS: Saved property EB-SD7086 to JSON.
SUCCESS: Saved property EB-TD1817 to JSON.
SUCCESS: Saved property EB-QW3458 to JSON.
SUCCESS: Saved property EB-TD1929 to JSON.
SUCCESS: Saved property EB-TD1908 to JSON.
SUCCESS: Saved property EB-TD1942 to JSON.
SUCCESS: Saved property EB-TD2108 to JSON.
SUCCESS: Saved property EB-TD2246 to JSON.
SUCCESS: Saved property EB-TD1957 to JSON.
SUCCESS: Saved property EB-TD2232 to JSON.
SUCCESS: Saved property EB-SB9836 to JSON.
SUCCESS: Saved property EB-SB9694 to JSON.
SUCCESS: Saved property EB-SG3017 to JSON.
SUCCESS: Saved property EB-PV9992 to JSON.
SUCCESS: Saved property EB-SI4415 to JSON.
SUCCESS: Saved property EB-RF5524 to JSON.
SUCCESS: Saved property EB-QN4846 to JSON.
SUCCESS: Saved property EB-RI6162 to JSON.
SUCCESS: Saved property EB-SQ4248 to JSON.
SUCCESS: Saved property EB-TM2645 to JSON.
SUCCESS: Saved property EB-TM8383 to JSON.
SUCCESS: Saved property EB-TG7857 to JSON.
SUCCESS: Saved property EB-TN0160 to JSON.
SUCCESS: Saved property EB-TN5998 to JSON.
SUCCESS: Saved property EB-SZ8669 to JSON.
SUCCESS: Saved property EB-TF5291 to JSON.
SUCCESS: Saved property EB-SC7977 to JSON.
SUCCESS: Saved property EB-TP1866 to JSON.
SUCCESS: Saved property EB-TP1720 to JSON.
SUCCESS: Saved property EB-TP6825 to JSON.
SUCCESS: Saved property EB-SX0272 to JSON.
SUCCESS: Saved property EB-RY5483 to JSON.
SUCCESS: Saved property EB-SB8750 to JSON.
SUCCESS: Saved property EB-TJ7073 to JSON.
SUCCESS: Saved property EB-TF3432 to JSON.
SUCCESS: Saved property EB-TP5777 to JSON.
SUCCESS: Saved property EB-TP5522 to JSON.
SUCCESS: Saved property EB-SD7226 to JSON.
SUCCESS: Saved property EB-TJ7307 to JSON.
SUCCESS: Saved property EB-TR9935 to JSON.
SUCCESS: Saved property EB-RU3377 to JSON.
SUCCESS: Saved property EB-TP2123 to JSON.
SUCCESS: Saved property EB-TJ7353 to JSON.
SUCCESS: Saved property EB-QO4711 to JSON.
SUCCESS: Saved property EB-ST0367 to JSON.
SUCCESS: Saved property EB-PP6806 to JSON.
SUCCESS: Saved property EB-LJ9118 to JSON.
SUCCESS: Saved property EB-QO8974 to JSON.
SUCCESS: Saved property EB-TU4548 to JSON.
SUCCESS: Saved property EB-TR6517 to JSON.
SUCCESS: Saved property EB-SN4503 to JSON.
SUCCESS: Saved property EB-TM3828 to JSON.
SUCCESS: Saved property EB-TR9891 to JSON.
SUCCESS: Saved property EB-PF3319 to JSON.
SUCCESS: Saved property EB-TA4750 to JSON.
SUCCESS: Saved property EB-SZ7442 to JSON.
SUCCESS: Saved property EB-TA1498 to JSON.
SUCCESS: Saved property EB-TK8623 to JSON.
SUCCESS: Saved property EB-TV8661 to JSON.
SUCCESS: Saved property EB-RX7894 to JSON.
SUCCESS: Saved property EB-TH5568 to JSON.
SUCCESS: Saved property EB-TH5427 to JSON.
SUCCESS: Saved property EB-TU4629 to JSON.
SUCCESS: Saved property EB-TR8117 to JSON.
SUCCESS: Saved property EB-PH5989 to JSON.
SUCCESS: Saved property EB-RD1996 to JSON.
SUCCESS: Saved property EB-TJ7419 to JSON.
SUCCESS: Saved property EB-RU3431 to JSON.
SUCCESS: Saved property EB-TV5276 to JSON.
SUCCESS: Saved property EB-DC4791 to JSON.
SUCCESS: Saved property EB-TN2750 to JSON.
SUCCESS: Saved property EB-UA1975 to JSON.
SUCCESS: Saved property EB-UA2034 to JSON.
SUCCESS: Saved property EB-SQ3734 to JSON.
SUCCESS: Saved property EB-UA2061 to JSON.
SUCCESS: Saved property EB-SQ7297 to JSON.
SUCCESS: Saved property EB-JN8948 to JSON.
SUCCESS: Saved property EB-TY6670 to JSON.
SUCCESS: Saved property EB-TR9877 to JSON.
INFO: Completed save_property_jsons.
SUCCESS: Fetched 261 listing statuses.
SUCCESS: Updated Properties tab with status and updated_at columns.
INFO: Excel file moved to easybrokers/properties\easybrokers_20250902.xlsx
INFO: Starting add_property_detail_tabs for 260 properties.
SUCCESS: Created tab and hyperlink for EB-BO3663 (tab visible)
SUCCESS: Created tab and hyperlink for EB-BO3705 (tab visible)
SUCCESS: Created tab and hyperlink for EB-BO3724 (tab visible)
SUCCESS: Created tab and hyperlink for EB-BO3738 (tab visible)
SUCCESS: Created tab and hyperlink for EB-BO3746 (tab visible)
SUCCESS: Created tab and hyperlink for EB-BO3756 (tab visible)
SUCCESS: Created tab and hyperlink for EB-BO3825 (tab visible)
SUCCESS: Created tab and hyperlink for EB-BP1401 (tab visible)
SUCCESS: Created tab and hyperlink for EB-BP1415 (tab visible)
SUCCESS: Created tab and hyperlink for EB-BP1426 (tab visible)
SUCCESS: Created tab and hyperlink for EB-BP1440 (tab visible)
SUCCESS: Created tab and hyperlink for EB-BP1484 (tab visible)
SUCCESS: Created tab and hyperlink for EB-BP1519 (tab visible)
SUCCESS: Created tab and hyperlink for EB-BP1556 (tab visible)
SUCCESS: Created tab and hyperlink for EB-BP1576 (tab visible)
SUCCESS: Created tab and hyperlink for EB-BP1606 (tab visible)
SUCCESS: Created tab and hyperlink for EB-BP1618 (tab visible)
SUCCESS: Created tab and hyperlink for EB-BP1666 (tab visible)
SUCCESS: Created tab and hyperlink for EB-BP1673 (tab visible)
SUCCESS: Created tab and hyperlink for EB-BQ3840 (tab visible)
SUCCESS: Created tab and hyperlink for EB-BQ3897 (tab visible)
SUCCESS: Created tab and hyperlink for EB-BQ4370 (tab visible)
SUCCESS: Created tab and hyperlink for EB-CO7259 (tab visible)
SUCCESS: Created tab and hyperlink for EB-CO7818 (tab visible)
SUCCESS: Created tab and hyperlink for EB-CO7837 (tab visible)
SUCCESS: Created tab and hyperlink for EB-CP2250 (tab visible)
SUCCESS: Created tab and hyperlink for EB-CQ8433 (tab visible)
SUCCESS: Created tab and hyperlink for EB-CR5676 (tab visible)
SUCCESS: Created tab and hyperlink for EB-CS1816 (tab visible)
SUCCESS: Created tab and hyperlink for EB-CS7772 (tab visible)
SUCCESS: Created tab and hyperlink for EB-CW1249 (tab visible)
SUCCESS: Created tab and hyperlink for EB-CY4223 (tab visible)
SUCCESS: Created tab and hyperlink for EB-DA5619 (tab visible)
SUCCESS: Created tab and hyperlink for EB-DA5639 (tab visible)
SUCCESS: Created tab and hyperlink for EB-DG4294 (tab visible)
SUCCESS: Created tab and hyperlink for EB-DG4675 (tab visible)
SUCCESS: Created tab and hyperlink for EB-DI3255 (tab visible)
SUCCESS: Created tab and hyperlink for EB-DI3296 (tab visible)
SUCCESS: Created tab and hyperlink for EB-DU9410 (tab visible)
SUCCESS: Created tab and hyperlink for EB-DV5093 (tab visible)
SUCCESS: Created tab and hyperlink for EB-DY4088 (tab visible)
SUCCESS: Created tab and hyperlink for EB-EP3329 (tab visible)
SUCCESS: Created tab and hyperlink for EB-EP3706 (tab visible)
SUCCESS: Created tab and hyperlink for EB-EP3734 (tab visible)
SUCCESS: Created tab and hyperlink for EB-EP8146 (tab visible)
SUCCESS: Created tab and hyperlink for EB-EQ5366 (tab visible)
SUCCESS: Created tab and hyperlink for EB-EU3251 (tab visible)
SUCCESS: Created tab and hyperlink for EB-EW9608 (tab visible)
SUCCESS: Created tab and hyperlink for EB-FK1774 (tab visible)
SUCCESS: Created tab and hyperlink for EB-FX2528 (tab visible)
SUCCESS: Created tab and hyperlink for EB-FZ4561 (tab visible)
SUCCESS: Created tab and hyperlink for EB-HW0701 (tab visible)
SUCCESS: Created tab and hyperlink for EB-IA7174 (tab visible)
SUCCESS: Created tab and hyperlink for EB-IB3725 (tab visible)
SUCCESS: Created tab and hyperlink for EB-JE0901 (tab visible)
SUCCESS: Created tab and hyperlink for EB-JF1688 (tab visible)
SUCCESS: Created tab and hyperlink for EB-JN4525 (tab visible)
SUCCESS: Created tab and hyperlink for EB-JN4603 (tab visible)
SUCCESS: Created tab and hyperlink for EB-JR6512 (tab visible)
SUCCESS: Created tab and hyperlink for EB-KT6228 (tab visible)
SUCCESS: Created tab and hyperlink for EB-LB8465 (tab visible)
SUCCESS: Created tab and hyperlink for EB-LK0132 (tab visible)
SUCCESS: Created tab and hyperlink for EB-LL3497 (tab visible)
SUCCESS: Created tab and hyperlink for EB-LO6644 (tab visible)
SUCCESS: Created tab and hyperlink for EB-LY5768 (tab visible)
SUCCESS: Created tab and hyperlink for EB-ML2763 (tab visible)
SUCCESS: Created tab and hyperlink for EB-MW8113 (tab visible)
SUCCESS: Created tab and hyperlink for EB-NZ3122 (tab visible)
SUCCESS: Created tab and hyperlink for EB-OA8426 (tab visible)
SUCCESS: Created tab and hyperlink for EB-OA8830 (tab visible)
SUCCESS: Created tab and hyperlink for EB-OR0358 (tab visible)
SUCCESS: Created tab and hyperlink for EB-OR2225 (tab visible)
SUCCESS: Created tab and hyperlink for EB-OT4060 (tab visible)
SUCCESS: Created tab and hyperlink for EB-OT4187 (tab visible)
SUCCESS: Created tab and hyperlink for EB-OX3030 (tab visible)
SUCCESS: Created tab and hyperlink for EB-OZ7585 (tab visible)
SUCCESS: Created tab and hyperlink for EB-PG8733 (tab visible)
SUCCESS: Created tab and hyperlink for EB-PM0673 (tab visible)
SUCCESS: Created tab and hyperlink for EB-PN8506 (tab visible)
SUCCESS: Created tab and hyperlink for EB-PP0277 (tab visible)
SUCCESS: Created tab and hyperlink for EB-PV8254 (tab visible)
SUCCESS: Created tab and hyperlink for EB-PV8710 (tab visible)
SUCCESS: Created tab and hyperlink for EB-PV9958 (tab visible)
SUCCESS: Created tab and hyperlink for EB-PY3500 (tab visible)
SUCCESS: Created tab and hyperlink for EB-PY6745 (tab visible)
SUCCESS: Created tab and hyperlink for EB-PY6761 (tab visible)
SUCCESS: Created tab and hyperlink for EB-QA9263 (tab visible)
SUCCESS: Created tab and hyperlink for EB-QA9287 (tab visible)
SUCCESS: Created tab and hyperlink for EB-QB2970 (tab visible)
SUCCESS: Created tab and hyperlink for EB-QB4855 (tab visible)
SUCCESS: Created tab and hyperlink for EB-QB4856 (tab visible)
SUCCESS: Created tab and hyperlink for EB-QB4857 (tab visible)
SUCCESS: Created tab and hyperlink for EB-QB5271 (tab visible)
SUCCESS: Created tab and hyperlink for EB-QB5286 (tab visible)
SUCCESS: Created tab and hyperlink for EB-QD5923 (tab visible)
SUCCESS: Created tab and hyperlink for EB-QE6588 (tab visible)
SUCCESS: Created tab and hyperlink for EB-QF5999 (tab visible)
SUCCESS: Created tab and hyperlink for EB-QH2124 (tab visible)
SUCCESS: Created tab and hyperlink for EB-QJ1938 (tab visible)
SUCCESS: Created tab and hyperlink for EB-QK8951 (tab visible)
SUCCESS: Created tab and hyperlink for EB-QM5091 (tab visible)
SUCCESS: Created tab and hyperlink for EB-QO6712 (tab visible)
SUCCESS: Created tab and hyperlink for EB-QO8488 (tab visible)
SUCCESS: Created tab and hyperlink for EB-QQ0063 (tab visible)
SUCCESS: Created tab and hyperlink for EB-QU6119 (tab visible)
SUCCESS: Created tab and hyperlink for EB-QV0454 (tab visible)
SUCCESS: Created tab and hyperlink for EB-QX2856 (tab visible)
SUCCESS: Created tab and hyperlink for EB-QY1059 (tab visible)
SUCCESS: Created tab and hyperlink for EB-RB5524 (tab visible)
SUCCESS: Created tab and hyperlink for EB-RB8736 (tab visible)
SUCCESS: Created tab and hyperlink for EB-RB8798 (tab visible)
SUCCESS: Created tab and hyperlink for EB-RC2517 (tab visible)
SUCCESS: Created tab and hyperlink for EB-RF4957 (tab visible)
SUCCESS: Created tab and hyperlink for EB-RH2589 (tab visible)
SUCCESS: Created tab and hyperlink for EB-RH4174 (tab visible)
SUCCESS: Created tab and hyperlink for EB-RI6207 (tab visible)
SUCCESS: Created tab and hyperlink for EB-RI6221 (tab visible)
SUCCESS: Created tab and hyperlink for EB-RI6237 (tab visible)
SUCCESS: Created tab and hyperlink for EB-RJ3975 (tab visible)
SUCCESS: Created tab and hyperlink for EB-RJ7784 (tab visible)
SUCCESS: Created tab and hyperlink for EB-RK7864 (tab visible)
SUCCESS: Created tab and hyperlink for EB-RN4614 (tab visible)
SUCCESS: Created tab and hyperlink for EB-RN5946 (tab visible)
SUCCESS: Created tab and hyperlink for EB-RT0376 (tab visible)
SUCCESS: Created tab and hyperlink for EB-RU3303 (tab visible)
SUCCESS: Created tab and hyperlink for EB-RU4418 (tab visible)
SUCCESS: Created tab and hyperlink for EB-RV6727 (tab visible)
SUCCESS: Created tab and hyperlink for EB-RV6887 (tab visible)
SUCCESS: Created tab and hyperlink for EB-RW1445 (tab visible)
SUCCESS: Created tab and hyperlink for EB-RX9590 (tab visible)
SUCCESS: Created tab and hyperlink for EB-RX9892 (tab visible)
SUCCESS: Created tab and hyperlink for EB-SC2598 (tab visible)
SUCCESS: Created tab and hyperlink for EB-SC4404 (tab visible)
SUCCESS: Created tab and hyperlink for EB-SD3587 (tab visible)
SUCCESS: Created tab and hyperlink for EB-SE9112 (tab visible)
SUCCESS: Created tab and hyperlink for EB-SG6073 (tab visible)
SUCCESS: Created tab and hyperlink for EB-SI3833 (tab visible)
SUCCESS: Created tab and hyperlink for EB-SQ6171 (tab visible)
SUCCESS: Created tab and hyperlink for EB-SS3219 (tab visible)
SUCCESS: Created tab and hyperlink for EB-SX8240 (tab visible)
SUCCESS: Created tab and hyperlink for EB-SX8253 (tab visible)
SUCCESS: Created tab and hyperlink for EB-SZ3836 (tab visible)
SUCCESS: Created tab and hyperlink for EB-SZ4315 (tab visible)
SUCCESS: Created tab and hyperlink for EB-SZ7315 (tab visible)
SUCCESS: Created tab and hyperlink for EB-SZ7319 (tab visible)
SUCCESS: Created tab and hyperlink for EB-SZ7330 (tab visible)
SUCCESS: Created tab and hyperlink for EB-SZ7574 (tab visible)
SUCCESS: Created tab and hyperlink for EB-TA3975 (tab visible)
SUCCESS: Created tab and hyperlink for EB-TA4028 (tab visible)
SUCCESS: Created tab and hyperlink for EB-TA4049 (tab visible)
SUCCESS: Created tab and hyperlink for EB-TA4064 (tab visible)
SUCCESS: Created tab and hyperlink for EB-TB2030 (tab visible)
SUCCESS: Created tab and hyperlink for EB-TC0396 (tab visible)
SUCCESS: Created tab and hyperlink for EB-TC0481 (tab visible)
SUCCESS: Created tab and hyperlink for EB-TC0493 (tab visible)
SUCCESS: Created tab and hyperlink for EB-TC0555 (tab visible)
SUCCESS: Created tab and hyperlink for EB-TC3690 (tab visible)
SUCCESS: Created tab and hyperlink for EB-SQ6209 (tab visible)
SUCCESS: Created tab and hyperlink for EB-SQ6191 (tab visible)
SUCCESS: Created tab and hyperlink for EB-RA5210 (tab visible)
SUCCESS: Created tab and hyperlink for EB-SQ6248 (tab visible)
SUCCESS: Created tab and hyperlink for EB-TC3029 (tab visible)
SUCCESS: Created tab and hyperlink for EB-TC3653 (tab visible)
SUCCESS: Created tab and hyperlink for EB-TC4588 (tab visible)
SUCCESS: Created tab and hyperlink for EB-TC4583 (tab visible)
SUCCESS: Created tab and hyperlink for EB-TC4366 (tab visible)
SUCCESS: Created tab and hyperlink for EB-SG6198 (tab visible)
SUCCESS: Created tab and hyperlink for EB-RI6179 (tab visible)
SUCCESS: Created tab and hyperlink for EB-TC4509 (tab visible)
SUCCESS: Created tab and hyperlink for EB-TD7886 (tab visible)
SUCCESS: Created tab and hyperlink for EB-TE5841 (tab visible)
SUCCESS: Created tab and hyperlink for EB-TE8450 (tab visible)
SUCCESS: Created tab and hyperlink for EB-TE8456 (tab visible)
SUCCESS: Created tab and hyperlink for EB-RC0311 (tab visible)
SUCCESS: Created tab and hyperlink for EB-TE9024 (tab visible)
SUCCESS: Created tab and hyperlink for EB-TD8259 (tab visible)
SUCCESS: Created tab and hyperlink for EB-TF2197 (tab visible)
SUCCESS: Created tab and hyperlink for EB-TE8495 (tab visible)
SUCCESS: Created tab and hyperlink for EB-TD8508 (tab visible)
SUCCESS: Created tab and hyperlink for EB-SI4247 (tab visible)
SUCCESS: Created tab and hyperlink for EB-TF2496 (tab visible)
SUCCESS: Created tab and hyperlink for EB-SD7086 (tab visible)
SUCCESS: Created tab and hyperlink for EB-QW3458 (tab visible)
SUCCESS: Created tab and hyperlink for EB-TD1817 (tab visible)
SUCCESS: Created tab and hyperlink for EB-TD1908 (tab visible)
SUCCESS: Created tab and hyperlink for EB-TD1929 (tab visible)
SUCCESS: Created tab and hyperlink for EB-TD1942 (tab visible)
SUCCESS: Created tab and hyperlink for EB-TD1957 (tab visible)
SUCCESS: Created tab and hyperlink for EB-TD2108 (tab visible)
SUCCESS: Created tab and hyperlink for EB-TD2232 (tab visible)
SUCCESS: Created tab and hyperlink for EB-TD2246 (tab visible)
SUCCESS: Created tab and hyperlink for EB-SB9694 (tab visible)
SUCCESS: Created tab and hyperlink for EB-SB9836 (tab visible)
SUCCESS: Created tab and hyperlink for EB-SG3017 (tab visible)
SUCCESS: Created tab and hyperlink for EB-PV9992 (tab visible)
SUCCESS: Created tab and hyperlink for EB-SI4415 (tab visible)
SUCCESS: Created tab and hyperlink for EB-RF5524 (tab visible)
SUCCESS: Created tab and hyperlink for EB-QN4846 (tab visible)
SUCCESS: Created tab and hyperlink for EB-RI6162 (tab visible)
SUCCESS: Created tab and hyperlink for EB-SQ4248 (tab visible)
SUCCESS: Created tab and hyperlink for EB-TM2645 (tab visible)
SUCCESS: Created tab and hyperlink for EB-TG7857 (tab visible)
SUCCESS: Created tab and hyperlink for EB-TM8383 (tab visible)
SUCCESS: Created tab and hyperlink for EB-TN0160 (tab visible)
SUCCESS: Created tab and hyperlink for EB-SZ8669 (tab visible)
SUCCESS: Created tab and hyperlink for EB-TN5998 (tab visible)
SUCCESS: Created tab and hyperlink for EB-TF5291 (tab visible)
SUCCESS: Created tab and hyperlink for EB-SC7977 (tab visible)
SUCCESS: Created tab and hyperlink for EB-TP1720 (tab visible)
SUCCESS: Created tab and hyperlink for EB-TP1866 (tab visible)
SUCCESS: Created tab and hyperlink for EB-TP6825 (tab visible)
SUCCESS: Created tab and hyperlink for EB-RY5483 (tab visible)
SUCCESS: Created tab and hyperlink for EB-SX0272 (tab visible)
SUCCESS: Created tab and hyperlink for EB-SB8750 (tab visible)
SUCCESS: Created tab and hyperlink for EB-TJ7073 (tab visible)
SUCCESS: Created tab and hyperlink for EB-TF3432 (tab visible)
SUCCESS: Created tab and hyperlink for EB-TP5777 (tab visible)
SUCCESS: Created tab and hyperlink for EB-TP5522 (tab visible)
SUCCESS: Created tab and hyperlink for EB-SD7226 (tab visible)
SUCCESS: Created tab and hyperlink for EB-TJ7307 (tab visible)
SUCCESS: Created tab and hyperlink for EB-TJ7353 (tab visible)
SUCCESS: Created tab and hyperlink for EB-TR9935 (tab visible)
SUCCESS: Created tab and hyperlink for EB-TP2123 (tab visible)
SUCCESS: Created tab and hyperlink for EB-RU3377 (tab visible)
SUCCESS: Created tab and hyperlink for EB-QO4711 (tab visible)
SUCCESS: Created tab and hyperlink for EB-ST0367 (tab visible)
SUCCESS: Created tab and hyperlink for EB-PP6806 (tab visible)
SUCCESS: Created tab and hyperlink for EB-LJ9118 (tab visible)
SUCCESS: Created tab and hyperlink for EB-QO8974 (tab visible)
SUCCESS: Created tab and hyperlink for EB-TU4548 (tab visible)
SUCCESS: Created tab and hyperlink for EB-TR6517 (tab visible)
SUCCESS: Created tab and hyperlink for EB-TR9891 (tab visible)
SUCCESS: Created tab and hyperlink for EB-SN4503 (tab visible)
SUCCESS: Created tab and hyperlink for EB-TM3828 (tab visible)
SUCCESS: Created tab and hyperlink for EB-PF3319 (tab visible)
SUCCESS: Created tab and hyperlink for EB-TA4750 (tab visible)
SUCCESS: Created tab and hyperlink for EB-SZ7442 (tab visible)
SUCCESS: Created tab and hyperlink for EB-TK8623 (tab visible)
SUCCESS: Created tab and hyperlink for EB-TA1498 (tab visible)
SUCCESS: Created tab and hyperlink for EB-TV8661 (tab visible)
SUCCESS: Created tab and hyperlink for EB-RX7894 (tab visible)
SUCCESS: Created tab and hyperlink for EB-TH5568 (tab visible)
SUCCESS: Created tab and hyperlink for EB-TU4629 (tab visible)
SUCCESS: Created tab and hyperlink for EB-TH5427 (tab visible)
SUCCESS: Created tab and hyperlink for EB-TR8117 (tab visible)
SUCCESS: Created tab and hyperlink for EB-PH5989 (tab visible)
SUCCESS: Created tab and hyperlink for EB-RD1996 (tab visible)
SUCCESS: Created tab and hyperlink for EB-TJ7419 (tab visible)
SUCCESS: Created tab and hyperlink for EB-RU3431 (tab visible)
SUCCESS: Created tab and hyperlink for EB-TV5276 (tab visible)
SUCCESS: Created tab and hyperlink for EB-DC4791 (tab visible)
SUCCESS: Created tab and hyperlink for EB-TN2750 (tab visible)
SUCCESS: Created tab and hyperlink for EB-UA1975 (tab visible)
SUCCESS: Created tab and hyperlink for EB-UA2034 (tab visible)
SUCCESS: Created tab and hyperlink for EB-UA2061 (tab visible)
SUCCESS: Created tab and hyperlink for EB-SQ3734 (tab visible)
SUCCESS: Created tab and hyperlink for EB-SQ7297 (tab visible)
SUCCESS: Created tab and hyperlink for EB-JN8948 (tab visible)
SUCCESS: Created tab and hyperlink for EB-TR9877 (tab visible)
SUCCESS: Created tab and hyperlink for EB-TY6670 (tab visible)
SUCCESS: Added property detail tabs and hyperlinks to easybrokers/properties\easybrokers_20250902.xlsx
SUCCESS: Applied SAP style formatting to all tabs.
