2025-09-30 09:02:02,005 INFO Panel no visible. Esperando login manual…
2025-09-30 09:02:33,396 INFO Iteración 1…
2025-09-30 09:02:40,794 WARNING No se pudo capturar PCM suficiente. Declarando Tie en esta iteración.
2025-09-30 09:02:41,757 INFO Iteración 1 OK en 8.4s
2025-09-30 09:02:42,760 INFO Iteración 2…
2025-09-30 09:02:50,366 WARNING No se pudo capturar PCM suficiente. Declarando Tie en esta iteración.
2025-09-30 09:02:51,284 INFO Iteración 2 OK en 8.5s
2025-09-30 09:02:52,309 INFO Iteración 3…
2025-09-30 09:02:59,808 WARNING No se pudo capturar PCM suficiente. Declarando Tie en esta iteración.
2025-09-30 09:03:01,543 INFO Iteración 3 OK en 9.2s
2025-09-30 09:03:03,177 INFO Proceso completado.
2025-09-30 09:03:15,917 INFO Panel no visible. Esperando login manual…
2025-09-30 09:03:37,787 INFO Iteración 1…
2025-09-30 09:03:45,105 WARNING No se pudo capturar PCM suficiente. Declarando Tie en esta iteración.
2025-09-30 09:03:46,131 INFO Iteración 1 OK en 8.3s
2025-09-30 09:03:47,170 INFO Iteración 2…
2025-09-30 09:03:53,258 WARNING No se pudo capturar PCM suficiente. Declarando Tie en esta iteración.
2025-09-30 09:03:54,205 INFO Iteración 2 OK en 7.0s
2025-09-30 09:03:55,207 INFO Iteración 3…
2025-09-30 09:04:02,677 WARNING No se pudo capturar PCM suficiente. Declarando Tie en esta iteración.
2025-09-30 09:04:03,595 INFO Iteración 3 OK en 8.4s
2025-09-30 09:04:05,575 INFO Proceso completado.
2025-09-30 09:07:41,920 INFO Panel no visible. Esperando login manual…
2025-09-30 09:10:58,677 INFO Iteración 1…
2025-09-30 09:11:05,376 WARNING No se pudo capturar PCM suficiente. Declarando Tie en esta iteración.
2025-09-30 09:11:06,409 INFO Iteración 1 OK en 7.7s
2025-09-30 09:11:07,417 INFO Iteración 2…
2025-09-30 11:39:15,762 INFO Panel no visible. Esperando login manual…
2025-09-30 11:39:35,913 INFO Iteración 1…
2025-09-30 11:39:36,055 WARNING No se detectaron 3 entradas Media .wav válidas (206) para decidir. Declarando Tie.
2025-09-30 11:39:36,396 WARNING No se pudo hacer clic en la decisión. Abortando.
2025-09-30 11:39:37,102 INFO Proceso completado.
2025-09-30 11:40:52,028 INFO Panel no visible. Esperando login manual…
2025-09-30 11:41:12,232 INFO Iteración 1…
2025-09-30 11:41:12,405 WARNING No se detectaron 3 entradas Media .wav válidas (206) para decidir. Declarando Tie.
2025-09-30 11:41:20,321 INFO Iteración 1 OK en 8.1s
2025-09-30 11:41:21,323 INFO Iteración 2…
2025-09-30 11:41:21,484 WARNING No se detectaron 3 entradas Media .wav válidas (206) para decidir. Declarando Tie.
2025-09-30 11:41:24,930 INFO Iteración 2 OK en 3.6s
2025-09-30 11:41:25,931 INFO Iteración 3…
2025-09-30 11:41:26,095 WARNING No se detectaron 3 entradas Media .wav válidas (206) para decidir. Declarando Tie.
2025-09-30 11:41:29,365 INFO Iteración 3 OK en 3.4s
2025-09-30 11:41:31,252 INFO Proceso completado.
2025-09-30 11:42:14,795 INFO Panel no visible. Esperando login manual…
2025-09-30 11:42:38,895 INFO Iteración 1…
2025-09-30 11:42:48,973 WARNING No se detectaron 3 entradas Media .wav válidas (206) para decidir. Declarando Tie.
2025-09-30 11:42:50,407 INFO Iteración 1 OK en 11.5s
2025-09-30 11:42:51,409 INFO Iteración 2…
2025-09-30 11:43:01,487 WARNING No se detectaron 3 entradas Media .wav válidas (206) para decidir. Declarando Tie.
2025-09-30 11:43:02,805 INFO Iteración 2 OK en 11.4s
2025-09-30 11:43:03,806 INFO Iteración 3…
2025-09-30 11:43:14,218 WARNING No se detectaron 3 entradas Media .wav válidas (206) para decidir. Declarando Tie.
2025-09-30 11:43:15,797 INFO Iteración 3 OK en 12.0s
2025-09-30 11:43:17,651 INFO Proceso completado.
2025-09-30 11:44:16,994 INFO Panel no visible. Esperando login manual…
2025-09-30 11:48:22,822 ERROR No se encontró el panel de audio. Verifica login o URL.
2025-09-30 11:58:49,028 INFO Panel no visible. Esperando login manual…
2025-09-30 11:59:11,843 INFO Iteración 1…
2025-09-30 11:59:21,927 WARNING No se detectaron 3 entradas Media .wav válidas (206) para decidir. Declarando Tie.
2025-09-30 11:59:23,339 INFO Iteración 1 OK en 11.5s
2025-09-30 11:59:24,342 INFO Iteración 2…
2025-09-30 11:59:34,446 WARNING No se detectaron 3 entradas Media .wav válidas (206) para decidir. Declarando Tie.
2025-09-30 11:59:35,774 INFO Iteración 2 OK en 11.4s
2025-09-30 11:59:36,793 INFO Iteración 3…
2025-09-30 11:59:46,924 WARNING No se detectaron 3 entradas Media .wav válidas (206) para decidir. Declarando Tie.
2025-09-30 11:59:48,329 INFO Iteración 3 OK en 11.5s
2025-09-30 11:59:49,930 INFO Proceso completado.
2025-09-30 12:02:04,541 INFO Panel no visible. Esperando login manual…
2025-09-30 12:02:34,256 INFO Iteración 1…
2025-09-30 12:02:44,337 WARNING No se detectaron 3 entradas Media .wav válidas (206) para decidir. Declarando Tie.
2025-09-30 12:02:45,685 INFO Iteración 1 OK en 11.4s
2025-09-30 12:02:46,686 INFO Iteración 2…
2025-09-30 12:02:56,766 WARNING No se detectaron 3 entradas Media .wav válidas (206) para decidir. Declarando Tie.
2025-09-30 12:02:58,081 INFO Iteración 2 OK en 11.4s
2025-09-30 12:02:59,082 INFO Iteración 3…
2025-09-30 12:03:09,212 WARNING No se detectaron 3 entradas Media .wav válidas (206) para decidir. Declarando Tie.
2025-09-30 12:03:10,840 INFO Iteración 3 OK en 11.8s
2025-09-30 12:03:12,412 INFO Proceso completado.
2025-09-30 12:06:31,971 INFO Panel no visible. Esperando login manual…
2025-09-30 12:06:56,842 INFO Iteración 1…
2025-09-30 12:07:06,928 WARNING No se detectaron 3 entradas Media .wav válidas (206) para decidir. Declarando Tie.
2025-09-30 12:07:08,329 INFO Iteración 1 OK en 11.5s
2025-09-30 12:07:10,024 INFO Proceso completado.
2025-09-30 12:09:23,570 INFO Panel no visible. Esperando login manual…
2025-09-30 12:09:59,420 INFO Iteración 1…
2025-09-30 12:10:09,527 INFO CDP debug counters: {'req': 0, 'resp': 0, 'finish': 0}; entries=0; audioLike=0
2025-09-30 12:10:09,528 WARNING No se detectaron 3 entradas Media .wav válidas (206) para decidir. Declarando Tie.
2025-09-30 12:10:15,087 INFO Iteración 1 OK en 15.7s
2025-09-30 12:10:16,919 INFO Proceso completado.
2025-09-30 12:15:36,405 INFO Panel no visible. Esperando login manual…
2025-09-30 12:19:42,858 ERROR No se encontró el panel de audio. Verifica login o URL.
2025-09-30 12:30:21,214 INFO Panel no visible. Esperando login manual…
2025-09-30 12:32:03,076 INFO Iteración 1…
2025-09-30 12:32:13,307 INFO CDP debug counters: {'req': 0, 'resp': 0, 'finish': 0}; entries=0; audioLike=0
2025-09-30 12:32:13,432 WARNING No se detectaron 3 entradas Media .wav válidas (206) para decidir. Declarando Tie.
2025-09-30 12:32:14,608 INFO Iteración 1 OK en 11.5s
2025-09-30 12:32:15,612 INFO Iteración 2…
2025-09-30 12:32:25,861 INFO CDP debug counters: {'req': 0, 'resp': 0, 'finish': 0}; entries=0; audioLike=0
2025-09-30 12:32:26,213 INFO Perf media (kB/ms) -> R:(0kB,439ms) A:(0kB,451ms) B:(0kB,429ms) => Tie
2025-09-30 12:32:27,298 INFO Iteración 2 OK en 11.7s
2025-09-30 12:32:28,300 INFO Iteración 3…
2025-09-30 12:32:38,474 INFO CDP debug counters: {'req': 0, 'resp': 0, 'finish': 0}; entries=0; audioLike=0
2025-09-30 12:32:38,943 INFO Perf media (kB/ms) -> R:(0kB,447ms) A:(0kB,423ms) B:(0kB,439ms) => Version B
2025-09-30 12:32:40,011 INFO Iteración 3 OK en 11.7s
2025-09-30 12:32:41,577 INFO Proceso completado.
2025-09-30 12:34:31,193 INFO Panel no visible. Esperando login manual…
2025-09-30 12:35:41,473 INFO Iteración 1…
2025-09-30 12:35:51,714 INFO CDP debug counters: {'req': 0, 'resp': 0, 'finish': 0}; entries=0; audioLike=0
2025-09-30 12:35:51,847 WARNING No se detectaron 3 entradas Media .wav válidas (206) para decidir. Declarando Tie.
2025-09-30 12:35:53,099 INFO Iteración 1 OK en 11.6s
2025-09-30 12:35:54,101 INFO Iteración 2…
2025-09-30 12:36:04,315 INFO CDP debug counters: {'req': 0, 'resp': 0, 'finish': 0}; entries=0; audioLike=0
2025-09-30 12:36:04,633 INFO Perf media (kB/ms) -> R:(0kB,532ms) A:(0kB,565ms) B:(0kB,517ms) => Version B
2025-09-30 12:36:05,693 INFO Iteración 2 OK en 11.6s
2025-09-30 12:36:06,694 INFO Iteración 3…
2025-09-30 12:36:16,890 INFO CDP debug counters: {'req': 0, 'resp': 0, 'finish': 0}; entries=0; audioLike=0
2025-09-30 12:36:17,260 INFO Perf media (kB/ms) -> R:(0kB,724ms) A:(0kB,704ms) B:(0kB,704ms) => Tie
2025-09-30 12:36:18,311 INFO Iteración 3 OK en 11.6s
2025-09-30 12:36:20,201 INFO Proceso completado.
2025-09-30 12:37:46,213 INFO Panel no visible. Esperando login manual…
2025-09-30 12:43:15,972 INFO Iteración 1…
2025-09-30 12:43:26,083 INFO CDP debug counters: {'req': 0, 'resp': 0, 'finish': 0}; entries=0; audioLike=0
2025-09-30 12:43:26,245 WARNING No se detectaron 3 entradas Media .wav válidas (206) para decidir. Declarando Tie.
2025-09-30 12:43:27,444 INFO Iteración 1 OK en 11.5s
2025-09-30 12:43:28,445 INFO Iteración 2…
2025-09-30 12:43:38,608 INFO CDP debug counters: {'req': 0, 'resp': 0, 'finish': 0}; entries=0; audioLike=0
2025-09-30 12:43:38,821 INFO Perf media (kB/ms) -> R:(0kB,483ms) A:(0kB,490ms) B:(0kB,456ms) => Version A
2025-09-30 12:43:39,857 INFO Iteración 2 OK en 11.4s
2025-09-30 12:43:40,859 INFO Iteración 3…
2025-09-30 12:43:51,028 INFO CDP debug counters: {'req': 0, 'resp': 0, 'finish': 0}; entries=0; audioLike=0
2025-09-30 12:43:51,304 INFO Perf media (kB/ms) -> R:(0kB,471ms) A:(0kB,515ms) B:(0kB,473ms) => Version B
2025-09-30 12:43:52,351 INFO Iteración 3 OK en 11.5s
2025-09-30 12:43:53,998 INFO Proceso completado.
2025-09-30 12:46:47,610 INFO Panel no visible. Esperando login manual…
2025-09-30 12:47:12,784 INFO Iteración 1…
2025-09-30 12:47:22,888 INFO CDP debug counters: {'req': 0, 'resp': 0, 'finish': 0}; entries=0; audioLike=0
2025-09-30 12:47:24,287 INFO HTTP+Perf media -> R:(356kB,580ms) A:(356kB,580ms) B:(356kB,580ms) => Tie
2025-09-30 12:47:25,409 INFO Iteración 1 OK en 12.6s
2025-09-30 12:47:26,411 INFO Iteración 2…
2025-09-30 12:47:36,549 INFO CDP debug counters: {'req': 0, 'resp': 0, 'finish': 0}; entries=0; audioLike=0
2025-09-30 12:47:36,873 INFO Perf media (kB/ms) -> R:(0kB,998ms) A:(0kB,958ms) B:(0kB,1028ms) => Tie
2025-09-30 12:47:37,922 INFO Iteración 2 OK en 11.5s
2025-09-30 12:47:38,923 INFO Iteración 3…
2025-09-30 12:47:49,116 INFO CDP debug counters: {'req': 0, 'resp': 0, 'finish': 0}; entries=0; audioLike=0
2025-09-30 12:47:49,366 INFO Perf media (kB/ms) -> R:(0kB,435ms) A:(0kB,512ms) B:(0kB,566ms) => Version A
2025-09-30 12:47:50,412 INFO Iteración 3 OK en 11.5s
2025-09-30 12:47:52,093 INFO Proceso completado.
2025-09-30 12:51:14,222 INFO DevTools abierto: abre la pestaña Network > Media para ver las 3 entradas
2025-09-30 12:51:29,389 INFO Panel no visible. Esperando login manual…
2025-09-30 12:51:52,348 INFO Iteración 1…
2025-09-30 12:52:02,529 INFO CDP debug counters: {'req': 0, 'resp': 0, 'finish': 0}; entries=0; audioLike=0
2025-09-30 12:52:02,728 WARNING No se detectaron 3 entradas Media tras CDP/Page/Perf. Declarando Tie.
2025-09-30 12:52:07,575 INFO Iteración 1 OK en 15.2s
2025-09-30 12:52:09,746 INFO Proceso completado.
2025-09-30 12:53:57,543 INFO DevTools abierto: abre la pestaña Network > Media para ver las 3 entradas
2025-09-30 12:54:13,150 INFO Panel no visible. Esperando login manual…
2025-09-30 12:54:54,633 INFO Iteración 1…
2025-09-30 12:55:10,397 INFO CDP debug counters: {'req': 102, 'resp': 90, 'finish': 90}; entries=100; audioLike=100
2025-09-30 12:55:10,400 INFO CDP debug entries: [{"url": "https://www.multimango.com/tasks", "rtype": "document", "status": 200, "mime": "text/html", "size": 5185, "hasEnd": true}, {"url": "5a485f5ca405a5cd10839703abda58a&sentry_client=sentry.javascript.nextjs%2F10.15.0", "rtype": "fetch", "status": null, "mime": null, "size": 2, "hasEnd": false}, {"url": "https://www.multimango.com/_next/static/media/4473ecc91f70f139-s.p.woff", "rtype": "font", "status": 200, "mime": "font/woff", "size": 66268, "hasEnd": true}, {"url": "https://www.multimango.com/_next/static/media/463dafcda517f24f-s.p.woff", "rtype": "font", "status": 200, "mime": "font/woff", "size": 67864, "hasEnd": true}, {"url": "o.com/_next/static/css/fb4fe14d9f35e9f9.css?dpl=dpl_FNZhcWFt1d7U746AZouEiamTEm2a", "rtype": "stylesheet", "status": 200, "mime": "text/css", "size": 19200, "hasEnd": true}, {"url": "o.com/_next/static/css/13633d48a211a36c.css?dpl=dpl_FNZhcWFt1d7U746AZouEiamTEm2a", "rtype": "stylesheet", "status": 200, "mime": "text/css", "size": 808, "hasEnd": true}, {"url": "t/static/chunks/webpack-0807beff10b474af.js?dpl=dpl_FNZhcWFt1d7U746AZouEiamTEm2a", "rtype": "script", "status": 200, "mime": "application/javascript", "size": 2221, "hasEnd": true}, {"url": "
2025-09-30 12:55:10,463 INFO Perf media (kB/ms) -> R:(0kB,614ms) A:(0kB,601ms) B:(0kB,594ms) => Tie
2025-09-30 12:55:11,570 INFO Iteración 1 OK en 16.9s
2025-09-30 12:55:12,572 INFO Iteración 2…
2025-09-30 12:55:28,231 INFO CDP debug counters: {'req': 53, 'resp': 47, 'finish': 44}; entries=52; audioLike=52
2025-09-30 12:55:28,234 INFO CDP debug entries: [{"url": "https://www.multimango.com/tasks/080825-audio-quality-compare", "rtype": "document", "status": 200, "mime": "text/html", "size": 6141, "hasEnd": true}, {"url": "5a485f5ca405a5cd10839703abda58a&sentry_client=sentry.javascript.nextjs%2F10.15.0", "rtype": "fetch", "status": null, "mime": null, "size": 2, "hasEnd": false}, {"url": "https://www.multimango.com/_next/static/media/4473ecc91f70f139-s.p.woff", "rtype": "font", "status": 200, "mime": "font/woff", "size": 66268, "hasEnd": true}, {"url": "https://www.multimango.com/_next/static/media/463dafcda517f24f-s.p.woff", "rtype": "font", "status": 200, "mime": "font/woff", "size": 67864, "hasEnd": true}, {"url": "o.com/_next/static/css/fb4fe14d9f35e9f9.css?dpl=dpl_FNZhcWFt1d7U746AZouEiamTEm2a", "rtype": "stylesheet", "status": 200, "mime": "text/css", "size": 19200, "hasEnd": true}, {"url": "o.com/_next/static/css/13633d48a211a36c.css?dpl=dpl_FNZhcWFt1d7U746AZouEiamTEm2a", "rtype": "stylesheet", "status": 200, "mime": "text/css", "size": 808, "hasEnd": true}, {"url": "t/static/chunks/webpack-0807beff10b474af.js?dpl=dpl_FNZhcWFt1d7U746AZouEiamTEm2a", "rtype": "script", "status": 200, "mime": "application/javascript", "size": 222
2025-09-30 12:55:28,268 INFO Perf media (kB/ms) -> R:(0kB,499ms) A:(0kB,500ms) B:(0kB,520ms) => Version A
2025-09-30 12:55:29,296 INFO Iteración 2 OK en 16.7s
2025-09-30 12:55:30,297 INFO Iteración 3…
2025-09-30 12:55:46,960 INFO CDP debug counters: {'req': 53, 'resp': 47, 'finish': 44}; entries=52; audioLike=52
2025-09-30 12:55:46,963 INFO CDP debug entries: [{"url": "https://www.multimango.com/tasks/080825-audio-quality-compare", "rtype": "document", "status": 200, "mime": "text/html", "size": 6140, "hasEnd": true}, {"url": "5a485f5ca405a5cd10839703abda58a&sentry_client=sentry.javascript.nextjs%2F10.15.0", "rtype": "fetch", "status": null, "mime": null, "size": 2, "hasEnd": false}, {"url": "https://www.multimango.com/_next/static/media/4473ecc91f70f139-s.p.woff", "rtype": "font", "status": 200, "mime": "font/woff", "size": 66268, "hasEnd": true}, {"url": "https://www.multimango.com/_next/static/media/463dafcda517f24f-s.p.woff", "rtype": "font", "status": 200, "mime": "font/woff", "size": 67864, "hasEnd": true}, {"url": "o.com/_next/static/css/fb4fe14d9f35e9f9.css?dpl=dpl_FNZhcWFt1d7U746AZouEiamTEm2a", "rtype": "stylesheet", "status": 200, "mime": "text/css", "size": 19200, "hasEnd": true}, {"url": "o.com/_next/static/css/13633d48a211a36c.css?dpl=dpl_FNZhcWFt1d7U746AZouEiamTEm2a", "rtype": "stylesheet", "status": 200, "mime": "text/css", "size": 808, "hasEnd": true}, {"url": "t/static/chunks/webpack-0807beff10b474af.js?dpl=dpl_FNZhcWFt1d7U746AZouEiamTEm2a", "rtype": "script", "status": 200, "mime": "application/javascript", "size": 222
2025-09-30 12:55:47,004 INFO Perf media (kB/ms) -> R:(0kB,544ms) A:(0kB,518ms) B:(0kB,483ms) => Version A
2025-09-30 12:55:48,029 INFO Iteración 3 OK en 17.7s
2025-09-30 12:55:49,778 INFO Proceso completado.
2025-09-30 14:08:55,915 INFO DevTools abierto: abre la pestaña Network > Media para ver las 3 entradas
2025-09-30 14:09:11,278 INFO Panel no visible. Esperando login manual…
2025-09-30 14:09:46,356 INFO Iteración 1…
2025-09-30 14:10:01,972 INFO CDP debug counters: {'req': 107, 'resp': 93, 'finish': 93}; entries=105; audioLike=105
2025-09-30 14:10:01,975 INFO CDP debug entries: [{"url": "https://www.multimango.com/tasks", "rtype": "document", "status": 200, "mime": "text/html", "size": 5187, "hasEnd": true}, {"url": "5a485f5ca405a5cd10839703abda58a&sentry_client=sentry.javascript.nextjs%2F10.15.0", "rtype": "fetch", "status": null, "mime": null, "size": 2, "hasEnd": false}, {"url": "https://www.multimango.com/_next/static/media/4473ecc91f70f139-s.p.woff", "rtype": "font", "status": 200, "mime": "font/woff", "size": 66268, "hasEnd": true}, {"url": "https://www.multimango.com/_next/static/media/463dafcda517f24f-s.p.woff", "rtype": "font", "status": 200, "mime": "font/woff", "size": 67864, "hasEnd": true}, {"url": "o.com/_next/static/css/fb4fe14d9f35e9f9.css?dpl=dpl_FNZhcWFt1d7U746AZouEiamTEm2a", "rtype": "stylesheet", "status": 200, "mime": "text/css", "size": 19200, "hasEnd": true}, {"url": "o.com/_next/static/css/13633d48a211a36c.css?dpl=dpl_FNZhcWFt1d7U746AZouEiamTEm2a", "rtype": "stylesheet", "status": 200, "mime": "text/css", "size": 808, "hasEnd": true}, {"url": "t/static/chunks/webpack-0807beff10b474af.js?dpl=dpl_FNZhcWFt1d7U746AZouEiamTEm2a", "rtype": "script", "status": 200, "mime": "application/javascript", "size": 2221, "hasEnd": true}, {"url": "
2025-09-30 14:10:02,053 INFO Perf media (kB/ms) -> R:(0kB,698ms) A:(0kB,702ms) B:(0kB,682ms) => Tie
2025-09-30 14:10:03,154 INFO Iteración 1 OK en 16.8s
2025-09-30 14:10:04,900 INFO Proceso completado.
2025-09-30 14:42:43,930 INFO DevTools abierto: abre la pestaña Network > Media para ver las 3 entradas
2025-09-30 14:42:59,286 INFO Panel no visible. Esperando login manual…
2025-09-30 14:43:35,172 INFO Iteración 1…
2025-09-30 14:43:50,949 INFO CDP debug counters: {'req': 107, 'resp': 95, 'finish': 95}; entries=107; audioLike=107
2025-09-30 14:43:50,953 INFO CDP debug entries: [{"url": "", "rtype": null, "status": 200, "mime": "text/x-component", "size": 368, "hasEnd": true}, {"url": "https://www.multimango.com/tasks", "rtype": "document", "status": 200, "mime": "text/html", "size": 5162, "hasEnd": true}, {"url": "", "rtype": null, "status": 404, "mime": "text/x-component", "size": 221, "hasEnd": true}, {"url": "5a485f5ca405a5cd10839703abda58a&sentry_client=sentry.javascript.nextjs%2F10.15.0", "rtype": "fetch", "status": null, "mime": null, "size": 2, "hasEnd": false}, {"url": "https://www.multimango.com/_next/static/media/4473ecc91f70f139-s.p.woff", "rtype": "font", "status": 200, "mime": "font/woff", "size": 66268, "hasEnd": true}, {"url": "https://www.multimango.com/_next/static/media/463dafcda517f24f-s.p.woff", "rtype": "font", "status": 200, "mime": "font/woff", "size": 67864, "hasEnd": true}, {"url": "o.com/_next/static/css/fb4fe14d9f35e9f9.css?dpl=dpl_FNZhcWFt1d7U746AZouEiamTEm2a", "rtype": "stylesheet", "status": 200, "mime": "text/css", "size": 19200, "hasEnd": true}, {"url": "o.com/_next/static/css/13633d48a211a36c.css?dpl=dpl_FNZhcWFt1d7U746AZouEiamTEm2a", "rtype": "stylesheet", "status": 200, "mime": "text/css", "size": 808, "hasEnd": true}, 
2025-09-30 14:43:51,033 INFO Perf media (kB/ms) -> R:(0kB,887ms) A:(0kB,889ms) B:(0kB,840ms) => Version A
2025-09-30 14:43:52,116 INFO Iteración 1 OK en 16.9s
2025-09-30 14:43:53,118 INFO Iteración 2…
2025-09-30 14:44:08,970 INFO CDP debug counters: {'req': 53, 'resp': 47, 'finish': 44}; entries=52; audioLike=52
2025-09-30 14:44:08,974 INFO CDP debug entries: [{"url": "https://www.multimango.com/tasks/080825-audio-quality-compare", "rtype": "document", "status": 200, "mime": "text/html", "size": 6144, "hasEnd": true}, {"url": "5a485f5ca405a5cd10839703abda58a&sentry_client=sentry.javascript.nextjs%2F10.15.0", "rtype": "fetch", "status": null, "mime": null, "size": 2, "hasEnd": false}, {"url": "https://www.multimango.com/_next/static/media/4473ecc91f70f139-s.p.woff", "rtype": "font", "status": 200, "mime": "font/woff", "size": 66268, "hasEnd": true}, {"url": "https://www.multimango.com/_next/static/media/463dafcda517f24f-s.p.woff", "rtype": "font", "status": 200, "mime": "font/woff", "size": 67864, "hasEnd": true}, {"url": "o.com/_next/static/css/fb4fe14d9f35e9f9.css?dpl=dpl_FNZhcWFt1d7U746AZouEiamTEm2a", "rtype": "stylesheet", "status": 200, "mime": "text/css", "size": 19200, "hasEnd": true}, {"url": "o.com/_next/static/css/13633d48a211a36c.css?dpl=dpl_FNZhcWFt1d7U746AZouEiamTEm2a", "rtype": "stylesheet", "status": 200, "mime": "text/css", "size": 808, "hasEnd": true}, {"url": "t/static/chunks/webpack-0807beff10b474af.js?dpl=dpl_FNZhcWFt1d7U746AZouEiamTEm2a", "rtype": "script", "status": 200, "mime": "application/javascript", "size": 222
2025-09-30 14:44:09,024 INFO Perf media (kB/ms) -> R:(0kB,511ms) A:(0kB,444ms) B:(0kB,448ms) => Tie
2025-09-30 14:44:10,090 INFO Iteración 2 OK en 17.0s
2025-09-30 14:44:11,092 INFO Iteración 3…
2025-09-30 14:44:26,954 INFO CDP debug counters: {'req': 53, 'resp': 47, 'finish': 44}; entries=52; audioLike=52
2025-09-30 14:44:26,957 INFO CDP debug entries: [{"url": "https://www.multimango.com/tasks/080825-audio-quality-compare", "rtype": "document", "status": 200, "mime": "text/html", "size": 6140, "hasEnd": true}, {"url": "5a485f5ca405a5cd10839703abda58a&sentry_client=sentry.javascript.nextjs%2F10.15.0", "rtype": "fetch", "status": null, "mime": null, "size": 2, "hasEnd": false}, {"url": "https://www.multimango.com/_next/static/media/4473ecc91f70f139-s.p.woff", "rtype": "font", "status": 200, "mime": "font/woff", "size": 66268, "hasEnd": true}, {"url": "https://www.multimango.com/_next/static/media/463dafcda517f24f-s.p.woff", "rtype": "font", "status": 200, "mime": "font/woff", "size": 67864, "hasEnd": true}, {"url": "o.com/_next/static/css/fb4fe14d9f35e9f9.css?dpl=dpl_FNZhcWFt1d7U746AZouEiamTEm2a", "rtype": "stylesheet", "status": 200, "mime": "text/css", "size": 19200, "hasEnd": true}, {"url": "o.com/_next/static/css/13633d48a211a36c.css?dpl=dpl_FNZhcWFt1d7U746AZouEiamTEm2a", "rtype": "stylesheet", "status": 200, "mime": "text/css", "size": 808, "hasEnd": true}, {"url": "t/static/chunks/webpack-0807beff10b474af.js?dpl=dpl_FNZhcWFt1d7U746AZouEiamTEm2a", "rtype": "script", "status": 200, "mime": "application/javascript", "size": 222
2025-09-30 14:44:27,020 INFO Perf media (kB/ms) -> R:(0kB,422ms) A:(0kB,460ms) B:(0kB,445ms) => Version B
2025-09-30 14:44:28,129 INFO Iteración 3 OK en 17.0s
2025-09-30 14:44:30,155 INFO Proceso completado.
2025-09-30 14:46:13,630 INFO DevTools abierto: abre la pestaña Network > Media para ver las 3 entradas
2025-09-30 14:46:28,681 INFO Panel no visible. Esperando login manual…
2025-09-30 14:46:42,803 INFO Iteración 1…
2025-09-30 14:46:58,633 INFO CDP debug counters: {'req': 107, 'resp': 96, 'finish': 93}; entries=105; audioLike=105
2025-09-30 14:46:58,638 INFO CDP debug entries: [{"url": "https://www.multimango.com/tasks", "rtype": "document", "status": 200, "mime": "text/html", "size": 5181, "hasEnd": true}, {"url": "5a485f5ca405a5cd10839703abda58a&sentry_client=sentry.javascript.nextjs%2F10.15.0", "rtype": "fetch", "status": null, "mime": null, "size": 2, "hasEnd": false}, {"url": "https://www.multimango.com/_next/static/media/4473ecc91f70f139-s.p.woff", "rtype": "font", "status": 200, "mime": "font/woff", "size": 66268, "hasEnd": true}, {"url": "https://www.multimango.com/_next/static/media/463dafcda517f24f-s.p.woff", "rtype": "font", "status": 200, "mime": "font/woff", "size": 67864, "hasEnd": true}, {"url": "o.com/_next/static/css/fb4fe14d9f35e9f9.css?dpl=dpl_FNZhcWFt1d7U746AZouEiamTEm2a", "rtype": "stylesheet", "status": 200, "mime": "text/css", "size": 19200, "hasEnd": true}, {"url": "o.com/_next/static/css/13633d48a211a36c.css?dpl=dpl_FNZhcWFt1d7U746AZouEiamTEm2a", "rtype": "stylesheet", "status": 200, "mime": "text/css", "size": 808, "hasEnd": true}, {"url": "t/static/chunks/webpack-0807beff10b474af.js?dpl=dpl_FNZhcWFt1d7U746AZouEiamTEm2a", "rtype": "script", "status": 200, "mime": "application/javascript", "size": 2221, "hasEnd": true}, {"url": "
2025-09-30 14:46:59,609 INFO Perf+HTTP media (kB/ms) -> R:(632kB,665ms) A:(626kB,615ms) B:(626kB,623ms) => Tie
2025-09-30 14:47:00,796 INFO Iteración 1 OK en 18.0s
2025-09-30 14:47:01,797 INFO Iteración 2…
2025-09-30 14:47:17,520 INFO CDP debug counters: {'req': 53, 'resp': 47, 'finish': 46}; entries=52; audioLike=52
2025-09-30 14:47:17,526 INFO CDP debug entries: [{"url": "https://www.multimango.com/tasks/080825-audio-quality-compare", "rtype": "document", "status": 200, "mime": "text/html", "size": 6142, "hasEnd": true}, {"url": "5a485f5ca405a5cd10839703abda58a&sentry_client=sentry.javascript.nextjs%2F10.15.0", "rtype": "fetch", "status": null, "mime": null, "size": 2, "hasEnd": false}, {"url": "https://www.multimango.com/_next/static/media/4473ecc91f70f139-s.p.woff", "rtype": "font", "status": 200, "mime": "font/woff", "size": 66268, "hasEnd": true}, {"url": "https://www.multimango.com/_next/static/media/463dafcda517f24f-s.p.woff", "rtype": "font", "status": 200, "mime": "font/woff", "size": 67864, "hasEnd": true}, {"url": "o.com/_next/static/css/fb4fe14d9f35e9f9.css?dpl=dpl_FNZhcWFt1d7U746AZouEiamTEm2a", "rtype": "stylesheet", "status": 200, "mime": "text/css", "size": 19200, "hasEnd": true}, {"url": "o.com/_next/static/css/13633d48a211a36c.css?dpl=dpl_FNZhcWFt1d7U746AZouEiamTEm2a", "rtype": "stylesheet", "status": 200, "mime": "text/css", "size": 808, "hasEnd": true}, {"url": "t/static/chunks/webpack-0807beff10b474af.js?dpl=dpl_FNZhcWFt1d7U746AZouEiamTEm2a", "rtype": "script", "status": 200, "mime": "application/javascript", "size": 222
2025-09-30 14:47:18,625 INFO Perf+HTTP media (kB/ms) -> R:(281kB,184ms) A:(274kB,186ms) B:(281kB,313ms) => Version A
2025-09-30 14:47:19,677 INFO Iteración 2 OK en 17.9s
2025-09-30 14:47:20,679 INFO Iteración 3…
2025-09-30 14:47:36,562 INFO CDP debug counters: {'req': 53, 'resp': 47, 'finish': 44}; entries=52; audioLike=52
2025-09-30 14:47:36,566 INFO CDP debug entries: [{"url": "https://www.multimango.com/tasks/080825-audio-quality-compare", "rtype": "document", "status": 200, "mime": "text/html", "size": 6132, "hasEnd": true}, {"url": "5a485f5ca405a5cd10839703abda58a&sentry_client=sentry.javascript.nextjs%2F10.15.0", "rtype": "fetch", "status": null, "mime": null, "size": 2, "hasEnd": false}, {"url": "https://www.multimango.com/_next/static/media/4473ecc91f70f139-s.p.woff", "rtype": "font", "status": 200, "mime": "font/woff", "size": 66268, "hasEnd": true}, {"url": "https://www.multimango.com/_next/static/media/463dafcda517f24f-s.p.woff", "rtype": "font", "status": 200, "mime": "font/woff", "size": 67864, "hasEnd": true}, {"url": "o.com/_next/static/css/fb4fe14d9f35e9f9.css?dpl=dpl_FNZhcWFt1d7U746AZouEiamTEm2a", "rtype": "stylesheet", "status": 200, "mime": "text/css", "size": 19200, "hasEnd": true}, {"url": "o.com/_next/static/css/13633d48a211a36c.css?dpl=dpl_FNZhcWFt1d7U746AZouEiamTEm2a", "rtype": "stylesheet", "status": 200, "mime": "text/css", "size": 808, "hasEnd": true}, {"url": "t/static/chunks/webpack-0807beff10b474af.js?dpl=dpl_FNZhcWFt1d7U746AZouEiamTEm2a", "rtype": "script", "status": 200, "mime": "application/javascript", "size": 222
2025-09-30 14:47:37,635 INFO Perf+HTTP media (kB/ms) -> R:(328kB,525ms) A:(323kB,545ms) B:(323kB,532ms) => Tie
2025-09-30 14:47:38,744 INFO Iteración 3 OK en 18.1s
2025-09-30 14:47:40,703 INFO Proceso completado.
2025-09-30 14:48:43,346 INFO DevTools abierto: abre la pestaña Network > Media para ver las 3 entradas
2025-09-30 14:48:58,857 INFO Panel no visible. Esperando login manual…
2025-09-30 14:54:21,403 INFO Panel no visible. Esperando login manual…
2025-09-30 14:54:36,634 INFO Iteración 1…
2025-09-30 14:54:52,333 INFO CDP debug counters: {'req': 56, 'resp': 49, 'finish': 47}; entries=55; audioLike=55
2025-09-30 14:54:52,335 INFO CDP debug entries: [{"url": "https://www.multimango.com/tasks", "rtype": "document", "status": 200, "mime": "text/html", "size": 5157, "hasEnd": true}, {"url": "5a485f5ca405a5cd10839703abda58a&sentry_client=sentry.javascript.nextjs%2F10.15.0", "rtype": "fetch", "status": null, "mime": null, "size": 2, "hasEnd": false}, {"url": "https://www.multimango.com/_next/static/media/4473ecc91f70f139-s.p.woff", "rtype": "font", "status": 200, "mime": "font/woff", "size": 66268, "hasEnd": true}, {"url": "https://www.multimango.com/_next/static/media/463dafcda517f24f-s.p.woff", "rtype": "font", "status": 200, "mime": "font/woff", "size": 67864, "hasEnd": true}, {"url": "o.com/_next/static/css/fb4fe14d9f35e9f9.css?dpl=dpl_FNZhcWFt1d7U746AZouEiamTEm2a", "rtype": "stylesheet", "status": 200, "mime": "text/css", "size": 19200, "hasEnd": true}, {"url": "o.com/_next/static/css/13633d48a211a36c.css?dpl=dpl_FNZhcWFt1d7U746AZouEiamTEm2a", "rtype": "stylesheet", "status": 200, "mime": "text/css", "size": 808, "hasEnd": true}, {"url": "t/static/chunks/webpack-0807beff10b474af.js?dpl=dpl_FNZhcWFt1d7U746AZouEiamTEm2a", "rtype": "script", "status": 200, "mime": "application/javascript", "size": 2221, "hasEnd": true}, {"url": "
2025-09-30 14:54:53,493 INFO Perf+HTTP media (kB/ms) -> R:(630kB,539ms) A:(623kB,519ms) B:(623kB,506ms) => Tie
2025-09-30 14:54:54,652 INFO Iter 1 -> Sizes kB R:0 A:0 B:0 | Decision: Tie
2025-09-30 14:54:54,653 INFO Iteración 1 OK en 18.0s
2025-09-30 14:54:55,653 INFO Iteración 2…
2025-09-30 14:55:11,425 INFO CDP debug counters: {'req': 53, 'resp': 47, 'finish': 44}; entries=52; audioLike=52
2025-09-30 14:55:11,430 INFO CDP debug entries: [{"url": "https://www.multimango.com/tasks/080825-audio-quality-compare", "rtype": "document", "status": 200, "mime": "text/html", "size": 6142, "hasEnd": true}, {"url": "5a485f5ca405a5cd10839703abda58a&sentry_client=sentry.javascript.nextjs%2F10.15.0", "rtype": "fetch", "status": null, "mime": null, "size": 2, "hasEnd": false}, {"url": "https://www.multimango.com/_next/static/media/4473ecc91f70f139-s.p.woff", "rtype": "font", "status": 200, "mime": "font/woff", "size": 66268, "hasEnd": true}, {"url": "https://www.multimango.com/_next/static/media/463dafcda517f24f-s.p.woff", "rtype": "font", "status": 200, "mime": "font/woff", "size": 67864, "hasEnd": true}, {"url": "o.com/_next/static/css/fb4fe14d9f35e9f9.css?dpl=dpl_FNZhcWFt1d7U746AZouEiamTEm2a", "rtype": "stylesheet", "status": 200, "mime": "text/css", "size": 19200, "hasEnd": true}, {"url": "o.com/_next/static/css/13633d48a211a36c.css?dpl=dpl_FNZhcWFt1d7U746AZouEiamTEm2a", "rtype": "stylesheet", "status": 200, "mime": "text/css", "size": 808, "hasEnd": true}, {"url": "t/static/chunks/webpack-0807beff10b474af.js?dpl=dpl_FNZhcWFt1d7U746AZouEiamTEm2a", "rtype": "script", "status": 200, "mime": "application/javascript", "size": 222
2025-09-30 14:55:12,414 INFO Perf+HTTP media (kB/ms) -> R:(323kB,466ms) A:(323kB,497ms) B:(323kB,473ms) => Version B
2025-09-30 14:55:13,520 INFO Iter 2 -> Sizes kB R:0 A:0 B:0 | Decision: Version B
2025-09-30 14:55:13,520 INFO Iteración 2 OK en 17.9s
2025-09-30 14:55:14,522 INFO Iteración 3…
2025-09-30 14:55:30,369 INFO CDP debug counters: {'req': 53, 'resp': 47, 'finish': 44}; entries=52; audioLike=52
2025-09-30 14:55:30,371 INFO CDP debug entries: [{"url": "https://www.multimango.com/tasks/080825-audio-quality-compare", "rtype": "document", "status": 200, "mime": "text/html", "size": 6267, "hasEnd": true}, {"url": "5a485f5ca405a5cd10839703abda58a&sentry_client=sentry.javascript.nextjs%2F10.15.0", "rtype": "fetch", "status": null, "mime": null, "size": 2, "hasEnd": false}, {"url": "https://www.multimango.com/_next/static/media/4473ecc91f70f139-s.p.woff", "rtype": "font", "status": 200, "mime": "font/woff", "size": 66268, "hasEnd": true}, {"url": "https://www.multimango.com/_next/static/media/463dafcda517f24f-s.p.woff", "rtype": "font", "status": 200, "mime": "font/woff", "size": 67864, "hasEnd": true}, {"url": "o.com/_next/static/css/fb4fe14d9f35e9f9.css?dpl=dpl_FNZhcWFt1d7U746AZouEiamTEm2a", "rtype": "stylesheet", "status": 200, "mime": "text/css", "size": 19200, "hasEnd": true}, {"url": "o.com/_next/static/css/13633d48a211a36c.css?dpl=dpl_FNZhcWFt1d7U746AZouEiamTEm2a", "rtype": "stylesheet", "status": 200, "mime": "text/css", "size": 808, "hasEnd": true}, {"url": "t/static/chunks/webpack-0807beff10b474af.js?dpl=dpl_FNZhcWFt1d7U746AZouEiamTEm2a", "rtype": "script", "status": 200, "mime": "application/javascript", "size": 222
2025-09-30 14:55:31,329 INFO Perf+HTTP media (kB/ms) -> R:(611kB,418ms) A:(611kB,478ms) B:(611kB,466ms) => Tie
2025-09-30 14:55:32,432 INFO Iter 3 -> Sizes kB R:0 A:0 B:0 | Decision: Tie
2025-09-30 14:55:32,433 INFO Iteración 3 OK en 17.9s
2025-09-30 14:55:34,057 INFO Proceso completado.
2025-09-30 14:59:17,779 INFO Panel no visible. Esperando login manual…
2025-09-30 15:00:08,307 INFO Iter 1 -> Sizes kB R:0 A:0 B:0 | Decision: Tie
2025-09-30 15:00:27,148 INFO Iter 2 -> Sizes kB R:0 A:0 B:0 | Decision: Tie
2025-09-30 15:00:45,773 INFO Iter 3 -> Sizes kB R:0 A:0 B:0 | Decision: Version B
2025-09-30 15:00:47,383 INFO Proceso completado.
2025-09-30 15:01:37,195 INFO Panel no visible. Esperando login manual…
2025-09-30 15:02:23,163 INFO Iter 1 -> Sizes kB R:154 A:154 B:154 | Decision: Version B
2025-09-30 15:02:42,723 INFO Iter 2 -> Sizes kB R:611 A:611 B:611 | Decision: Tie
2025-09-30 15:03:02,365 INFO Iter 3 -> Sizes kB R:938 A:938 B:938 | Decision: Version B
2025-09-30 15:03:04,090 INFO Proceso completado.
2025-09-30 15:10:57,135 INFO Panel no visible. Esperando login manual…
2025-09-30 15:11:40,526 INFO Iter 1 -> Sizes kB R:356 A:356 B:356 | Decision: Version A
2025-09-30 15:11:42,425 INFO Proceso completado.
2025-09-30 15:12:43,314 INFO Panel no visible. Esperando login manual…
2025-09-30 15:13:50,982 INFO Iter 1 -> Sizes kB R:326 A:326 B:326 | Decision: Version B
2025-09-30 15:13:52,855 INFO Proceso completado.
2025-09-30 15:16:26,001 INFO Panel no visible. Esperando login manual…
2025-09-30 15:17:12,862 INFO Iter 1 -> Sizes kB R:341 A:341 B:341 | Decision: Tie
2025-09-30 15:17:32,287 INFO Iter 2 -> Sizes kB R:1039 A:1039 B:1039 | Decision: Version A
2025-09-30 15:17:51,652 INFO Iter 3 -> Sizes kB R:1061 A:1061 B:1061 | Decision: Version B
2025-09-30 15:18:11,157 INFO Iter 4 -> Sizes kB R:398 A:398 B:398 | Decision: Version B
2025-09-30 15:18:30,720 INFO Iter 5 -> Sizes kB R:495 A:495 B:495 | Decision: Tie
2025-09-30 15:18:50,118 INFO Iter 6 -> Sizes kB R:281 A:281 B:281 | Decision: Tie
2025-09-30 15:19:09,565 INFO Iter 7 -> Sizes kB R:341 A:341 B:341 | Decision: Tie
2025-09-30 15:19:29,171 INFO Iter 8 -> Sizes kB R:338 A:338 B:338 | Decision: Version A
2025-09-30 15:19:49,223 INFO Iter 9 -> Sizes kB R:1035 A:1035 B:1035 | Decision: Tie
2025-09-30 15:20:09,318 INFO Iter 10 -> Sizes kB R:698 A:698 B:698 | Decision: Tie
2025-09-30 15:20:30,039 INFO Iter 11 -> Sizes kB R:330 A:330 B:330 | Decision: Tie
2025-09-30 15:20:49,591 INFO Iter 12 -> Sizes kB R:585 A:585 B:585 | Decision: Version B
2025-09-30 15:21:10,439 INFO Iter 13 -> Sizes kB R:626 A:626 B:626 | Decision: Version A
2025-09-30 15:21:31,136 INFO Iter 14 -> Sizes kB R:938 A:938 B:938 | Decision: Version A
2025-09-30 15:21:51,924 INFO Iter 15 -> Sizes kB R:578 A:578 B:578 | Decision: Version A
2025-09-30 15:21:59,009 INFO Iter 16 -> Sizes kB R:278 A:278 B:278 | Decision: Version A
2025-09-30 15:22:20,000 INFO Iter 17 -> Sizes kB R:585 A:585 B:585 | Decision: Tie
2025-09-30 15:22:40,941 INFO Iter 18 -> Sizes kB R:589 A:589 B:589 | Decision: Tie
2025-09-30 15:23:02,481 INFO Iter 19 -> Sizes kB R:319 A:319 B:319 | Decision: Version A
2025-09-30 15:23:23,767 INFO Iter 20 -> Sizes kB R:281 A:281 B:281 | Decision: Version A
2025-09-30 15:23:45,204 INFO Iter 21 -> Sizes kB R:319 A:319 B:319 | Decision: Version B
2025-09-30 15:24:06,845 INFO Iter 22 -> Sizes kB R:281 A:281 B:281 | Decision: Tie
2025-09-30 15:24:28,666 INFO Iter 23 -> Sizes kB R:773 A:773 B:773 | Decision: Tie
2025-09-30 15:24:50,142 INFO Iter 24 -> Sizes kB R:818 A:818 B:818 | Decision: Version B
2025-09-30 15:25:11,946 INFO Iter 25 -> Sizes kB R:566 A:566 B:566 | Decision: Tie
2025-09-30 15:25:33,508 INFO Iter 26 -> Sizes kB R:1035 A:1035 B:1035 | Decision: Tie
2025-09-30 15:25:55,819 INFO Iter 27 -> Sizes kB R:285 A:285 B:285 | Decision: Tie
2025-09-30 15:26:17,574 INFO Iter 28 -> Sizes kB R:585 A:585 B:585 | Decision: Version A
2025-09-30 15:26:39,431 INFO Iter 29 -> Sizes kB R:938 A:938 B:938 | Decision: Tie
2025-09-30 15:26:45,569 INFO Iter 30 -> Sizes kB R:154 A:154 B:154 | Decision: Tie
2025-09-30 15:27:07,802 INFO Iter 31 -> Sizes kB R:761 A:761 B:761 | Decision: Version A
2025-09-30 15:27:29,762 INFO Iter 32 -> Sizes kB R:326 A:326 B:326 | Decision: Version A
2025-09-30 15:27:51,939 INFO Iter 33 -> Sizes kB R:293 A:293 B:293 | Decision: Version B
2025-09-30 15:28:14,175 INFO Iter 34 -> Sizes kB R:330 A:330 B:330 | Decision: Tie
2025-09-30 15:28:36,823 INFO Iter 35 -> Sizes kB R:585 A:585 B:585 | Decision: Version A
2025-09-30 15:28:59,176 INFO Iter 36 -> Sizes kB R:589 A:589 B:589 | Decision: Version B
2025-09-30 15:29:22,002 INFO Iter 37 -> Sizes kB R:559 A:559 B:559 | Decision: Tie
2025-09-30 15:29:44,545 INFO Iter 38 -> Sizes kB R:454 A:454 B:454 | Decision: Version B
2025-09-30 15:30:07,024 INFO Iter 39 -> Sizes kB R:424 A:424 B:424 | Decision: Tie
2025-09-30 15:30:30,012 INFO Iter 40 -> Sizes kB R:589 A:589 B:589 | Decision: Version B
2025-09-30 15:30:53,683 INFO Iter 41 -> Sizes kB R:356 A:356 B:356 | Decision: Version B
2025-09-30 15:31:16,328 INFO Iter 42 -> Sizes kB R:1061 A:1061 B:1061 | Decision: Tie
2025-09-30 15:31:39,230 INFO Iter 43 -> Sizes kB R:330 A:330 B:330 | Decision: Tie
2025-09-30 15:32:02,194 INFO Iter 44 -> Sizes kB R:495 A:495 B:495 | Decision: Version B
2025-09-30 15:32:25,297 INFO Iter 45 -> Sizes kB R:319 A:319 B:319 | Decision: Tie
2025-09-30 15:32:48,420 INFO Iter 46 -> Sizes kB R:285 A:285 B:285 | Decision: Version A
2025-09-30 15:33:12,179 INFO Iter 47 -> Sizes kB R:278 A:278 B:278 | Decision: Version A
2025-09-30 15:33:36,173 INFO Iter 48 -> Sizes kB R:585 A:585 B:585 | Decision: Tie
2025-09-30 15:33:59,435 INFO Iter 49 -> Sizes kB R:784 A:784 B:784 | Decision: Tie
2025-09-30 15:34:22,672 INFO Iter 50 -> Sizes kB R:818 A:818 B:818 | Decision: Version A
2025-09-30 15:34:45,895 INFO Iter 51 -> Sizes kB R:323 A:323 B:323 | Decision: Version B
2025-09-30 15:35:09,494 INFO Iter 52 -> Sizes kB R:405 A:405 B:405 | Decision: Tie
2025-09-30 15:35:33,157 INFO Iter 53 -> Sizes kB R:356 A:356 B:356 | Decision: Version B
2025-09-30 15:35:56,931 INFO Iter 54 -> Sizes kB R:735 A:735 B:735 | Decision: Tie
2025-09-30 15:36:20,823 INFO Iter 55 -> Sizes kB R:698 A:698 B:698 | Decision: Version B
2025-09-30 15:36:44,972 INFO Iter 56 -> Sizes kB R:836 A:836 B:836 | Decision: Tie
2025-09-30 15:37:08,814 INFO Iter 57 -> Sizes kB R:330 A:330 B:330 | Decision: Tie
2025-09-30 15:37:33,083 INFO Iter 58 -> Sizes kB R:326 A:326 B:326 | Decision: Version B
2025-09-30 15:37:57,394 INFO Iter 59 -> Sizes kB R:405 A:405 B:405 | Decision: Version A
2025-09-30 15:38:21,895 INFO Iter 60 -> Sizes kB R:326 A:326 B:326 | Decision: Version A
2025-09-30 15:38:46,190 INFO Iter 61 -> Sizes kB R:281 A:281 B:281 | Decision: Version B
2025-09-30 15:39:10,713 INFO Iter 62 -> Sizes kB R:566 A:566 B:566 | Decision: Tie
2025-09-30 15:39:35,068 INFO Iter 63 -> Sizes kB R:761 A:761 B:761 | Decision: Version B
2025-09-30 15:39:59,122 INFO Iter 64 -> Sizes kB R:341 A:341 B:341 | Decision: Tie
2025-09-30 15:40:23,698 INFO Iter 65 -> Sizes kB R:611 A:611 B:611 | Decision: Version B
2025-09-30 15:40:48,178 INFO Iter 66 -> Sizes kB R:784 A:784 B:784 | Decision: Tie
2025-09-30 15:40:57,210 INFO Iter 67 -> Sizes kB R:255 A:255 B:255 | Decision: Tie
2025-09-30 15:41:22,174 INFO Iter 68 -> Sizes kB R:341 A:341 B:341 | Decision: Version B
2025-09-30 15:41:46,990 INFO Iter 69 -> Sizes kB R:836 A:836 B:836 | Decision: Version A
2025-09-30 15:42:11,838 INFO Iter 70 -> Sizes kB R:319 A:319 B:319 | Decision: Version A
2025-09-30 15:42:21,501 INFO Iter 71 -> Sizes kB R:154 A:154 B:154 | Decision: Tie
2025-09-30 15:42:46,507 INFO Iter 72 -> Sizes kB R:611 A:611 B:611 | Decision: Tie
2025-09-30 15:43:11,613 INFO Iter 73 -> Sizes kB R:405 A:405 B:405 | Decision: Version B
2025-09-30 15:43:36,722 INFO Iter 74 -> Sizes kB R:281 A:281 B:281 | Decision: Version B
2025-09-30 15:44:02,270 INFO Iter 75 -> Sizes kB R:293 A:293 B:293 | Decision: Version B
2025-09-30 15:44:28,012 INFO Iter 76 -> Sizes kB R:323 A:323 B:323 | Decision: Version B
2025-09-30 15:44:53,672 INFO Iter 77 -> Sizes kB R:326 A:326 B:326 | Decision: Version B
2025-09-30 15:45:19,195 INFO Iter 78 -> Sizes kB R:278 A:278 B:278 | Decision: Tie
2025-09-30 15:45:45,077 INFO Iter 79 -> Sizes kB R:443 A:443 B:443 | Decision: Version B
2025-09-30 15:46:10,731 INFO Iter 80 -> Sizes kB R:566 A:566 B:566 | Decision: Version A
2025-09-30 15:46:36,604 INFO Iter 81 -> Sizes kB R:611 A:611 B:611 | Decision: Tie
2025-09-30 15:47:02,735 INFO Iter 82 -> Sizes kB R:390 A:390 B:390 | Decision: Tie
2025-09-30 15:47:29,439 INFO Iter 83 -> Sizes kB R:566 A:566 B:566 | Decision: Version A
2025-09-30 15:47:55,718 INFO Iter 84 -> Sizes kB R:818 A:818 B:818 | Decision: Tie
2025-09-30 15:48:21,810 INFO Iter 85 -> Sizes kB R:908 A:908 B:908 | Decision: Version A
2025-09-30 15:48:48,123 INFO Iter 86 -> Sizes kB R:836 A:836 B:836 | Decision: Version B
2025-09-30 15:49:14,429 INFO Iter 87 -> Sizes kB R:330 A:330 B:330 | Decision: Version B
2025-09-30 15:49:41,580 INFO Iter 88 -> Sizes kB R:585 A:585 B:585 | Decision: Tie
2025-09-30 15:50:08,068 INFO Iter 89 -> Sizes kB R:566 A:566 B:566 | Decision: Version B
2025-09-30 15:50:34,649 INFO Iter 90 -> Sizes kB R:938 A:938 B:938 | Decision: Version B
2025-09-30 15:51:01,294 INFO Iter 91 -> Sizes kB R:585 A:585 B:585 | Decision: Version A
2025-09-30 15:51:12,869 INFO Iter 92 -> Sizes kB R:154 A:154 B:154 | Decision: Tie
2025-09-30 15:51:24,239 INFO Iter 93 -> Sizes kB R:278 A:278 B:278 | Decision: Tie
2025-09-30 15:51:51,709 INFO Iter 94 -> Sizes kB R:881 A:881 B:881 | Decision: Version A
2025-09-30 15:52:18,651 INFO Iter 95 -> Sizes kB R:326 A:326 B:326 | Decision: Version B
2025-09-30 15:52:45,416 INFO Iter 96 -> Sizes kB R:784 A:784 B:784 | Decision: Tie
2025-09-30 15:53:10,015 WARNING No se detectaron 3 entradas Media tras CDP/Page/Perf. Declarando Tie.
2025-09-30 15:53:15,205 WARNING No se pudo hacer clic en la decisión. Abortando.
2025-09-30 15:53:15,676 INFO Proceso completado.
