2025-09-29 16:40:46,128 INFO Panel de Audio encontrado. Iniciando iteraciones…
2025-09-29 16:40:46,175 INFO Diagnóstico escrito en: runs\audio\diagnostics_20250929_164046.json
2025-09-29 16:40:46,176 INFO Iteración 1/3
2025-09-29 16:41:31,386 ERROR SMART no pudo comparar tras reintentos: Page.wait_for_timeout: Target page, context or browser has been closed
2025-09-29 16:41:31,387 INFO Iteraciones realizadas: 0
2025-09-29 16:41:31,387 INFO Tiempo total: 52.5s  (~0.0s/iter)
2025-09-29 16:45:09,921 INFO Panel de Audio encontrado. Iniciando iteraciones…
2025-09-29 16:45:10,365 INFO Diagnóstico escrito en: runs\audio\diagnostics_20250929_164510.json
2025-09-29 16:45:10,420 INFO Iteración 1/3
2025-09-29 16:53:07,426 INFO Esperando login manual (hasta 3 minutos)…
2025-09-29 16:56:07,839 INFO No se pudo acceder al panel de audio.
2025-09-29 17:22:23,558 INFO Esperando login manual (hasta 3 minutos)…
2025-09-29 17:23:27,518 INFO Esperando login manual (hasta 3 minutos)…
2025-09-29 17:24:54,000 INFO Esperando login manual (hasta 3 minutos)…
2025-09-29 17:27:52,662 INFO Esperando login manual (hasta 3 minutos)…
2025-09-29 17:30:14,188 INFO Esperando login manual (hasta 3 minutos)…
2025-09-29 17:33:14,426 INFO No se pudo acceder al panel de audio.
2025-09-29 18:11:02,544 INFO Esperando login manual (hasta 3 minutos)…
2025-09-29 18:15:53,944 INFO Esperando login manual (hasta 3 minutos)…
2025-09-29 18:20:40,694 INFO Panel de Audio encontrado. Iniciando iteraciones…
2025-09-29 18:20:40,709 INFO Iteración 1/3
2025-09-29 18:20:41,767 INFO Playback order: Audio A → Audio B → Reference
2025-09-29 18:21:27,838 INFO AudioMetrics-> A: corr=1.0000 cos=1.0000 rmse=0.0000 psnr=180.00 kl=0.0000 | B: corr=1.0000 cos=1.0000 rmse=0.0000 psnr=180.00 kl=0.0000
2025-09-29 18:21:27,839 INFO CombinedScore-> A:1.0000 B:1.0000 (Δ=0.0000, tie≤0.02)
2025-09-29 18:21:27,839 INFO Decision taken: Tie
2025-09-29 18:34:42,149 INFO Panel de Audio encontrado. Iniciando iteraciones…
2025-09-29 18:34:42,168 INFO Iteración 1/3
2025-09-29 18:34:43,204 INFO Playback order: Audio A → Audio B → Reference
2025-09-29 18:35:38,593 INFO AudioMetrics-> A: corr=1.0000 cos=1.0000 rmse=0.0000 psnr=180.00 kl=0.0000 | B: corr=1.0000 cos=1.0000 rmse=0.0000 psnr=180.00 kl=0.0000
2025-09-29 18:35:38,594 INFO CombinedScore-> A:1.0000 B:1.0000 (Δ=0.0000, tie≤0.02)
2025-09-29 18:35:38,594 INFO Decision taken: Tie
2025-09-29 19:00:56,534 INFO Panel de Audio encontrado. Iniciando iteraciones…
2025-09-29 19:00:56,549 INFO Iteración 1/3
2025-09-29 19:00:57,601 INFO Playback order: Audio A → Audio B → Reference
2025-09-29 19:01:28,118 INFO AudioMetrics-> A: corr=1.0000 cos=1.0000 rmse=0.0000 psnr=180.00 kl=0.0000 | B: corr=1.0000 cos=1.0000 rmse=0.0000 psnr=180.00 kl=0.0000
2025-09-29 19:01:28,119 INFO CombinedScore-> A:1.0000 B:1.0000 (Δ=0.0000, tie≤0.02)
2025-09-29 19:01:28,119 INFO Decision taken: Tie
2025-09-29 19:39:55,624 INFO Panel de Audio encontrado. Iniciando iteraciones…
2025-09-29 19:39:55,638 INFO Iteración 1/3
2025-09-29 19:39:56,674 INFO Playback order: Audio A → Audio B → Reference
2025-09-29 19:40:27,345 INFO AudioMetrics-> A: corr=1.0000 cos=1.0000 rmse=0.0000 psnr=180.00 kl=0.0000 | B: corr=1.0000 cos=1.0000 rmse=0.0000 psnr=180.00 kl=0.0000
2025-09-29 19:40:27,346 INFO CombinedScore-> A:1.0000 B:1.0000 (Δ=0.0000, tie≤0.02)
2025-09-29 19:40:27,346 INFO Decision taken: Tie
2025-09-29 19:40:29,079 INFO Iteración excedió 20s; recargando y continuando…
2025-09-29 19:40:30,247 INFO Iteración 2/3
2025-09-29 19:40:31,327 INFO Playback order: Audio A → Audio B → Reference
2025-09-29 19:41:03,210 INFO AudioMetrics-> A: corr=1.0000 cos=1.0000 rmse=0.0000 psnr=180.00 kl=0.0000 | B: corr=1.0000 cos=1.0000 rmse=0.0000 psnr=180.00 kl=0.0000
2025-09-29 19:41:03,211 INFO CombinedScore-> A:1.0000 B:1.0000 (Δ=0.0000, tie≤0.02)
2025-09-29 19:41:03,211 INFO Decision taken: Tie
2025-09-29 19:41:04,894 INFO Iteración excedió 20s; recargando y continuando…
2025-09-29 19:41:06,226 INFO Iteración 3/3
2025-09-29 19:41:07,278 INFO Playback order: Audio A → Audio B → Reference
2025-09-29 19:41:52,590 INFO AudioMetrics-> A: corr=1.0000 cos=1.0000 rmse=0.0000 psnr=180.00 kl=0.0000 | B: corr=1.0000 cos=1.0000 rmse=0.0000 psnr=180.00 kl=0.0000
2025-09-29 19:41:52,590 INFO CombinedScore-> A:1.0000 B:1.0000 (Δ=0.0000, tie≤0.02)
2025-09-29 19:41:52,591 INFO Decision taken: Tie
2025-09-29 19:41:54,319 INFO Iteración excedió 20s; recargando y continuando…
2025-09-29 19:41:55,613 INFO Alcanzado max-iters=3
2025-09-29 19:41:55,615 INFO Iteraciones realizadas: 3
2025-09-29 19:41:55,616 INFO Tiempo total: 126.4s  (~42.1s/iter)
