2025-09-30 09:02:02,005 INFO Panel no visible. Esperando login manual…
2025-09-30 09:02:33,396 INFO Iteración 1…
2025-09-30 09:02:40,794 WARNING No se pudo capturar PCM suficiente. Declarando Tie en esta iteración.
2025-09-30 09:02:41,757 INFO Iteración 1 OK en 8.4s
2025-09-30 09:02:42,760 INFO Iteración 2…
2025-09-30 09:02:50,366 WARNING No se pudo capturar PCM suficiente. Declarando Tie en esta iteración.
2025-09-30 09:02:51,284 INFO Iteración 2 OK en 8.5s
2025-09-30 09:02:52,309 INFO Iteración 3…
2025-09-30 09:02:59,808 WARNING No se pudo capturar PCM suficiente. Declarando Tie en esta iteración.
2025-09-30 09:03:01,543 INFO Iteración 3 OK en 9.2s
2025-09-30 09:03:03,177 INFO Proceso completado.
2025-09-30 09:03:15,917 INFO Panel no visible. Esperando login manual…
2025-09-30 09:03:37,787 INFO Iteración 1…
2025-09-30 09:03:45,105 WARNING No se pudo capturar PCM suficiente. Declarando Tie en esta iteración.
2025-09-30 09:03:46,131 INFO Iteración 1 OK en 8.3s
2025-09-30 09:03:47,170 INFO Iteración 2…
2025-09-30 09:03:53,258 WARNING No se pudo capturar PCM suficiente. Declarando Tie en esta iteración.
2025-09-30 09:03:54,205 INFO Iteración 2 OK en 7.0s
2025-09-30 09:03:55,207 INFO Iteración 3…
2025-09-30 09:04:02,677 WARNING No se pudo capturar PCM suficiente. Declarando Tie en esta iteración.
2025-09-30 09:04:03,595 INFO Iteración 3 OK en 8.4s
2025-09-30 09:04:05,575 INFO Proceso completado.
2025-09-30 09:07:41,920 INFO Panel no visible. Esperando login manual…
2025-09-30 09:10:58,677 INFO Iteración 1…
2025-09-30 09:11:05,376 WARNING No se pudo capturar PCM suficiente. Declarando Tie en esta iteración.
2025-09-30 09:11:06,409 INFO Iteración 1 OK en 7.7s
2025-09-30 09:11:07,417 INFO Iteración 2…
2025-09-30 11:39:15,762 INFO Panel no visible. Esperando login manual…
2025-09-30 11:39:35,913 INFO Iteración 1…
2025-09-30 11:39:36,055 WARNING No se detectaron 3 entradas Media .wav válidas (206) para decidir. Declarando Tie.
2025-09-30 11:39:36,396 WARNING No se pudo hacer clic en la decisión. Abortando.
2025-09-30 11:39:37,102 INFO Proceso completado.
2025-09-30 11:40:52,028 INFO Panel no visible. Esperando login manual…
2025-09-30 11:41:12,232 INFO Iteración 1…
2025-09-30 11:41:12,405 WARNING No se detectaron 3 entradas Media .wav válidas (206) para decidir. Declarando Tie.
2025-09-30 11:41:20,321 INFO Iteración 1 OK en 8.1s
2025-09-30 11:41:21,323 INFO Iteración 2…
2025-09-30 11:41:21,484 WARNING No se detectaron 3 entradas Media .wav válidas (206) para decidir. Declarando Tie.
2025-09-30 11:41:24,930 INFO Iteración 2 OK en 3.6s
2025-09-30 11:41:25,931 INFO Iteración 3…
2025-09-30 11:41:26,095 WARNING No se detectaron 3 entradas Media .wav válidas (206) para decidir. Declarando Tie.
2025-09-30 11:41:29,365 INFO Iteración 3 OK en 3.4s
2025-09-30 11:41:31,252 INFO Proceso completado.
2025-09-30 11:42:14,795 INFO Panel no visible. Esperando login manual…
2025-09-30 11:42:38,895 INFO Iteración 1…
2025-09-30 11:42:48,973 WARNING No se detectaron 3 entradas Media .wav válidas (206) para decidir. Declarando Tie.
2025-09-30 11:42:50,407 INFO Iteración 1 OK en 11.5s
2025-09-30 11:42:51,409 INFO Iteración 2…
2025-09-30 11:43:01,487 WARNING No se detectaron 3 entradas Media .wav válidas (206) para decidir. Declarando Tie.
2025-09-30 11:43:02,805 INFO Iteración 2 OK en 11.4s
2025-09-30 11:43:03,806 INFO Iteración 3…
2025-09-30 11:43:14,218 WARNING No se detectaron 3 entradas Media .wav válidas (206) para decidir. Declarando Tie.
2025-09-30 11:43:15,797 INFO Iteración 3 OK en 12.0s
2025-09-30 11:43:17,651 INFO Proceso completado.
2025-09-30 11:44:16,994 INFO Panel no visible. Esperando login manual…
2025-09-30 11:48:22,822 ERROR No se encontró el panel de audio. Verifica login o URL.
2025-09-30 11:58:49,028 INFO Panel no visible. Esperando login manual…
2025-09-30 11:59:11,843 INFO Iteración 1…
2025-09-30 11:59:21,927 WARNING No se detectaron 3 entradas Media .wav válidas (206) para decidir. Declarando Tie.
2025-09-30 11:59:23,339 INFO Iteración 1 OK en 11.5s
2025-09-30 11:59:24,342 INFO Iteración 2…
2025-09-30 11:59:34,446 WARNING No se detectaron 3 entradas Media .wav válidas (206) para decidir. Declarando Tie.
2025-09-30 11:59:35,774 INFO Iteración 2 OK en 11.4s
2025-09-30 11:59:36,793 INFO Iteración 3…
2025-09-30 11:59:46,924 WARNING No se detectaron 3 entradas Media .wav válidas (206) para decidir. Declarando Tie.
2025-09-30 11:59:48,329 INFO Iteración 3 OK en 11.5s
2025-09-30 11:59:49,930 INFO Proceso completado.
2025-09-30 12:02:04,541 INFO Panel no visible. Esperando login manual…
2025-09-30 12:02:34,256 INFO Iteración 1…
2025-09-30 12:02:44,337 WARNING No se detectaron 3 entradas Media .wav válidas (206) para decidir. Declarando Tie.
2025-09-30 12:02:45,685 INFO Iteración 1 OK en 11.4s
2025-09-30 12:02:46,686 INFO Iteración 2…
2025-09-30 12:02:56,766 WARNING No se detectaron 3 entradas Media .wav válidas (206) para decidir. Declarando Tie.
2025-09-30 12:02:58,081 INFO Iteración 2 OK en 11.4s
2025-09-30 12:02:59,082 INFO Iteración 3…
2025-09-30 12:03:09,212 WARNING No se detectaron 3 entradas Media .wav válidas (206) para decidir. Declarando Tie.
2025-09-30 12:03:10,840 INFO Iteración 3 OK en 11.8s
2025-09-30 12:03:12,412 INFO Proceso completado.
